CRITICAL - 2023-04-13 18:57:04 --> Undefined array key "nombre"
in APPPATH\Libraries\Tabla_asignaturas.php on line 20.
 1 APPPATH\Libraries\Tabla_asignaturas.php(20): CodeIgniter\Debug\Exceptions->errorHandler(2, 'Undefined array key "nombre"', 'C:\\xampp\\htdocs\\Salud\\app\\Libraries\\Tabla_asignaturas.php', 20)
 2 APPPATH\Controllers\Encuesta.php(28): App\Libraries\Tabla_asignaturas->construirTablaAsignaturas()
 3 SYSTEMPATH\CodeIgniter.php(934): App\Controllers\Encuesta->responder()
 4 SYSTEMPATH\CodeIgniter.php(499): CodeIgniter\CodeIgniter->runController(Object(App\Controllers\Encuesta))
 5 SYSTEMPATH\CodeIgniter.php(368): CodeIgniter\CodeIgniter->handleRequest(null, Object(Config\Cache), false)
 6 FCPATH\index.php(68): CodeIgniter\CodeIgniter->run()
 7 SYSTEMPATH\Commands\Server\rewrite.php(47): require_once('C:\\xampp\\htdocs\\Salud\\public\\index.php')
CRITICAL - 2023-04-13 18:59:49 --> Undefined variable $crudo
in APPPATH\Views\test.php on line 3.
 1 APPPATH\Views\test.php(3): CodeIgniter\Debug\Exceptions->errorHandler(2, 'Undefined variable $crudo', 'C:\\xampp\\htdocs\\Salud\\app\\Views\\test.php', 3)
 2 SYSTEMPATH\View\View.php(213): include('C:\\xampp\\htdocs\\Salud\\app\\Views\\test.php')
 3 SYSTEMPATH\View\View.php(216): CodeIgniter\View\View->CodeIgniter\View\{closure}()
 4 SYSTEMPATH\Common.php(1184): CodeIgniter\View\View->render('test.php', [], true)
 5 APPPATH\Controllers\Encuesta.php(27): view('test.php', [...])
 6 SYSTEMPATH\CodeIgniter.php(934): App\Controllers\Encuesta->responder()
 7 SYSTEMPATH\CodeIgniter.php(499): CodeIgniter\CodeIgniter->runController(Object(App\Controllers\Encuesta))
 8 SYSTEMPATH\CodeIgniter.php(368): CodeIgniter\CodeIgniter->handleRequest(null, Object(Config\Cache), false)
 9 FCPATH\index.php(68): CodeIgniter\CodeIgniter->run()
10 SYSTEMPATH\Commands\Server\rewrite.php(47): require_once('C:\\xampp\\htdocs\\Salud\\public\\index.php')
CRITICAL - 2023-04-13 19:04:34 --> Undefined array key "nombre"
in APPPATH\Libraries\Tabla_asignaturas.php on line 20.
 1 APPPATH\Libraries\Tabla_asignaturas.php(20): CodeIgniter\Debug\Exceptions->errorHandler(2, 'Undefined array key "nombre"', 'C:\\xampp\\htdocs\\Salud\\app\\Libraries\\Tabla_asignaturas.php', 20)
 2 APPPATH\Controllers\Encuesta.php(28): App\Libraries\Tabla_asignaturas->construirTablaAsignaturas()
 3 SYSTEMPATH\CodeIgniter.php(934): App\Controllers\Encuesta->responder()
 4 SYSTEMPATH\CodeIgniter.php(499): CodeIgniter\CodeIgniter->runController(Object(App\Controllers\Encuesta))
 5 SYSTEMPATH\CodeIgniter.php(368): CodeIgniter\CodeIgniter->handleRequest(null, Object(Config\Cache), false)
 6 FCPATH\index.php(68): CodeIgniter\CodeIgniter->run()
 7 SYSTEMPATH\Commands\Server\rewrite.php(47): require_once('C:\\xampp\\htdocs\\Salud\\public\\index.php')
CRITICAL - 2023-04-13 19:31:31 --> Call to undefined function App\Models\getResultArray()
in APPPATH\Models\Tokens_1219.php on line 21.
 1 APPPATH\Controllers\Encuesta.php(24): App\Models\Tokens_1219->getAsigUser('7970607')
 2 SYSTEMPATH\CodeIgniter.php(934): App\Controllers\Encuesta->responder()
 3 SYSTEMPATH\CodeIgniter.php(499): CodeIgniter\CodeIgniter->runController(Object(App\Controllers\Encuesta))
 4 SYSTEMPATH\CodeIgniter.php(368): CodeIgniter\CodeIgniter->handleRequest(null, Object(Config\Cache), false)
 5 FCPATH\index.php(68): CodeIgniter\CodeIgniter->run()
 6 SYSTEMPATH\Commands\Server\rewrite.php(47): require_once('C:\\xampp\\htdocs\\Salud\\public\\index.php')
CRITICAL - 2023-04-13 19:35:01 --> Undefined array key "token"
in APPPATH\Libraries\Tabla_asignaturas.php on line 21.
 1 APPPATH\Libraries\Tabla_asignaturas.php(21): CodeIgniter\Debug\Exceptions->errorHandler(2, 'Undefined array key "token"', 'C:\\xampp\\htdocs\\Salud\\app\\Libraries\\Tabla_asignaturas.php', 21)
 2 APPPATH\Controllers\Encuesta.php(28): App\Libraries\Tabla_asignaturas->construirTablaAsignaturas()
 3 SYSTEMPATH\CodeIgniter.php(934): App\Controllers\Encuesta->responder()
 4 SYSTEMPATH\CodeIgniter.php(499): CodeIgniter\CodeIgniter->runController(Object(App\Controllers\Encuesta))
 5 SYSTEMPATH\CodeIgniter.php(368): CodeIgniter\CodeIgniter->handleRequest(null, Object(Config\Cache), false)
 6 FCPATH\index.php(68): CodeIgniter\CodeIgniter->run()
 7 SYSTEMPATH\Commands\Server\rewrite.php(47): require_once('C:\\xampp\\htdocs\\Salud\\public\\index.php')
CRITICAL - 2023-04-13 19:38:30 --> in_array(): Argument #2 ($haystack) must be of type array, string given
in APPPATH\Libraries\Tabla_asignaturas.php on line 21.
 1 APPPATH\Libraries\Tabla_asignaturas.php(21): in_array('797060720030182EMPD101', '797060720030182EMPD101')
 2 APPPATH\Controllers\Encuesta.php(28): App\Libraries\Tabla_asignaturas->construirTablaAsignaturas()
 3 SYSTEMPATH\CodeIgniter.php(934): App\Controllers\Encuesta->responder()
 4 SYSTEMPATH\CodeIgniter.php(499): CodeIgniter\CodeIgniter->runController(Object(App\Controllers\Encuesta))
 5 SYSTEMPATH\CodeIgniter.php(368): CodeIgniter\CodeIgniter->handleRequest(null, Object(Config\Cache), false)
 6 FCPATH\index.php(68): CodeIgniter\CodeIgniter->run()
 7 SYSTEMPATH\Commands\Server\rewrite.php(47): require_once('C:\\xampp\\htdocs\\Salud\\public\\index.php')
CRITICAL - 2023-04-13 19:42:24 --> Undefined array key "token"
in APPPATH\Models\Tokens_1219.php on line 24.
 1 APPPATH\Models\Tokens_1219.php(24): CodeIgniter\Debug\Exceptions->errorHandler(2, 'Undefined array key "token"', 'C:\\xampp\\htdocs\\Salud\\app\\Models\\Tokens_1219.php', 24)
 2 APPPATH\Controllers\Encuesta.php(24): App\Models\Tokens_1219->getAsigUser('7970607')
 3 SYSTEMPATH\CodeIgniter.php(934): App\Controllers\Encuesta->responder()
 4 SYSTEMPATH\CodeIgniter.php(499): CodeIgniter\CodeIgniter->runController(Object(App\Controllers\Encuesta))
 5 SYSTEMPATH\CodeIgniter.php(368): CodeIgniter\CodeIgniter->handleRequest(null, Object(Config\Cache), false)
 6 FCPATH\index.php(68): CodeIgniter\CodeIgniter->run()
 7 SYSTEMPATH\Commands\Server\rewrite.php(47): require_once('C:\\xampp\\htdocs\\Salud\\public\\index.php')
CRITICAL - 2023-04-13 19:42:37 --> Undefined array key "token"
in APPPATH\Models\Tokens_1219.php on line 24.
 1 APPPATH\Models\Tokens_1219.php(24): CodeIgniter\Debug\Exceptions->errorHandler(2, 'Undefined array key "token"', 'C:\\xampp\\htdocs\\Salud\\app\\Models\\Tokens_1219.php', 24)
 2 APPPATH\Controllers\Encuesta.php(24): App\Models\Tokens_1219->getAsigUser('7970607')
 3 SYSTEMPATH\CodeIgniter.php(934): App\Controllers\Encuesta->responder()
 4 SYSTEMPATH\CodeIgniter.php(499): CodeIgniter\CodeIgniter->runController(Object(App\Controllers\Encuesta))
 5 SYSTEMPATH\CodeIgniter.php(368): CodeIgniter\CodeIgniter->handleRequest(null, Object(Config\Cache), false)
 6 FCPATH\index.php(68): CodeIgniter\CodeIgniter->run()
 7 SYSTEMPATH\Commands\Server\rewrite.php(47): require_once('C:\\xampp\\htdocs\\Salud\\public\\index.php')
CRITICAL - 2023-04-13 19:43:17 --> Undefined array key 0
in APPPATH\Libraries\Tabla_asignaturas.php on line 21.
 1 APPPATH\Libraries\Tabla_asignaturas.php(21): CodeIgniter\Debug\Exceptions->errorHandler(2, 'Undefined array key 0', 'C:\\xampp\\htdocs\\Salud\\app\\Libraries\\Tabla_asignaturas.php', 21)
 2 APPPATH\Controllers\Encuesta.php(28): App\Libraries\Tabla_asignaturas->construirTablaAsignaturas()
 3 SYSTEMPATH\CodeIgniter.php(934): App\Controllers\Encuesta->responder()
 4 SYSTEMPATH\CodeIgniter.php(499): CodeIgniter\CodeIgniter->runController(Object(App\Controllers\Encuesta))
 5 SYSTEMPATH\CodeIgniter.php(368): CodeIgniter\CodeIgniter->handleRequest(null, Object(Config\Cache), false)
 6 FCPATH\index.php(68): CodeIgniter\CodeIgniter->run()
 7 SYSTEMPATH\Commands\Server\rewrite.php(47): require_once('C:\\xampp\\htdocs\\Salud\\public\\index.php')
CRITICAL - 2023-04-13 21:14:24 --> Undefined variable $auxCSV
in APPPATH\Controllers\Encuesta.php on line 22.
 1 APPPATH\Controllers\Encuesta.php(22): CodeIgniter\Debug\Exceptions->errorHandler(2, 'Undefined variable $auxCSV', 'C:\\xampp\\htdocs\\Salud\\app\\Controllers\\Encuesta.php', 22)
 2 SYSTEMPATH\CodeIgniter.php(934): App\Controllers\Encuesta->index()
 3 SYSTEMPATH\CodeIgniter.php(499): CodeIgniter\CodeIgniter->runController(Object(App\Controllers\Encuesta))
 4 SYSTEMPATH\CodeIgniter.php(368): CodeIgniter\CodeIgniter->handleRequest(null, Object(Config\Cache), false)
 5 FCPATH\index.php(68): CodeIgniter\CodeIgniter->run()
 6 SYSTEMPATH\Commands\Server\rewrite.php(47): require_once('C:\\xampp\\htdocs\\Salud\\public\\index.php')
CRITICAL - 2023-04-13 21:14:50 --> Undefined variable $auxCSV
in APPPATH\Controllers\Encuesta.php on line 22.
 1 APPPATH\Controllers\Encuesta.php(22): CodeIgniter\Debug\Exceptions->errorHandler(2, 'Undefined variable $auxCSV', 'C:\\xampp\\htdocs\\Salud\\app\\Controllers\\Encuesta.php', 22)
 2 SYSTEMPATH\CodeIgniter.php(934): App\Controllers\Encuesta->index()
 3 SYSTEMPATH\CodeIgniter.php(499): CodeIgniter\CodeIgniter->runController(Object(App\Controllers\Encuesta))
 4 SYSTEMPATH\CodeIgniter.php(368): CodeIgniter\CodeIgniter->handleRequest(null, Object(Config\Cache), false)
 5 FCPATH\index.php(68): CodeIgniter\CodeIgniter->run()
 6 SYSTEMPATH\Commands\Server\rewrite.php(47): require_once('C:\\xampp\\htdocs\\Salud\\public\\index.php')
CRITICAL - 2023-04-13 21:22:33 --> fgetcsv(): Argument #2 ($length) must be of type ?int, string given
in APPPATH\Models\Tokens_1219.php on line 11.
 1 APPPATH\Models\Tokens_1219.php(11): fgetcsv(resource (stream), ';')
 2 APPPATH\Controllers\Encuesta.php(15): App\Models\Tokens_1219->load_data_csv()
 3 SYSTEMPATH\CodeIgniter.php(906): App\Controllers\Encuesta->__construct()
 4 SYSTEMPATH\CodeIgniter.php(490): CodeIgniter\CodeIgniter->createController()
 5 SYSTEMPATH\CodeIgniter.php(368): CodeIgniter\CodeIgniter->handleRequest(null, Object(Config\Cache), false)
 6 FCPATH\index.php(68): CodeIgniter\CodeIgniter->run()
 7 SYSTEMPATH\Commands\Server\rewrite.php(47): require_once('C:\\xampp\\htdocs\\Salud\\public\\index.php')
CRITICAL - 2023-04-13 21:43:24 --> Call to undefined function App\Models\foef()
in APPPATH\Models\Tokens_1219.php on line 12.
 1 APPPATH\Controllers\Encuesta.php(15): App\Models\Tokens_1219->load_data_csv()
 2 SYSTEMPATH\CodeIgniter.php(906): App\Controllers\Encuesta->__construct()
 3 SYSTEMPATH\CodeIgniter.php(490): CodeIgniter\CodeIgniter->createController()
 4 SYSTEMPATH\CodeIgniter.php(368): CodeIgniter\CodeIgniter->handleRequest(null, Object(Config\Cache), false)
 5 FCPATH\index.php(68): CodeIgniter\CodeIgniter->run()
 6 SYSTEMPATH\Commands\Server\rewrite.php(47): require_once('C:\\xampp\\htdocs\\Salud\\public\\index.php')
CRITICAL - 2023-04-13 21:43:56 --> Array to string conversion
in APPPATH\Views\test.php on line 4.
 1 APPPATH\Views\test.php(4): CodeIgniter\Debug\Exceptions->errorHandler(2, 'Array to string conversion', 'C:\\xampp\\htdocs\\Salud\\app\\Views\\test.php', 4)
 2 SYSTEMPATH\View\View.php(213): include('C:\\xampp\\htdocs\\Salud\\app\\Views\\test.php')
 3 SYSTEMPATH\View\View.php(216): CodeIgniter\View\View->CodeIgniter\View\{closure}()
 4 SYSTEMPATH\Common.php(1184): CodeIgniter\View\View->render('test.php', [], true)
 5 APPPATH\Controllers\Encuesta.php(25): view('test.php', [...])
 6 SYSTEMPATH\CodeIgniter.php(934): App\Controllers\Encuesta->index()
 7 SYSTEMPATH\CodeIgniter.php(499): CodeIgniter\CodeIgniter->runController(Object(App\Controllers\Encuesta))
 8 SYSTEMPATH\CodeIgniter.php(368): CodeIgniter\CodeIgniter->handleRequest(null, Object(Config\Cache), false)
 9 FCPATH\index.php(68): CodeIgniter\CodeIgniter->run()
10 SYSTEMPATH\Commands\Server\rewrite.php(47): require_once('C:\\xampp\\htdocs\\Salud\\public\\index.php')
CRITICAL - 2023-04-13 21:44:42 --> foreach() argument must be of type array|object, bool given
in APPPATH\Views\test.php on line 4.
 1 APPPATH\Views\test.php(4): CodeIgniter\Debug\Exceptions->errorHandler(2, 'foreach() argument must be of type array|object, bool given', 'C:\\xampp\\htdocs\\Salud\\app\\Views\\test.php', 4)
 2 SYSTEMPATH\View\View.php(213): include('C:\\xampp\\htdocs\\Salud\\app\\Views\\test.php')
 3 SYSTEMPATH\View\View.php(216): CodeIgniter\View\View->CodeIgniter\View\{closure}()
 4 SYSTEMPATH\Common.php(1184): CodeIgniter\View\View->render('test.php', [], true)
 5 APPPATH\Controllers\Encuesta.php(25): view('test.php', [...])
 6 SYSTEMPATH\CodeIgniter.php(934): App\Controllers\Encuesta->index()
 7 SYSTEMPATH\CodeIgniter.php(499): CodeIgniter\CodeIgniter->runController(Object(App\Controllers\Encuesta))
 8 SYSTEMPATH\CodeIgniter.php(368): CodeIgniter\CodeIgniter->handleRequest(null, Object(Config\Cache), false)
 9 FCPATH\index.php(68): CodeIgniter\CodeIgniter->run()
10 SYSTEMPATH\Commands\Server\rewrite.php(47): require_once('C:\\xampp\\htdocs\\Salud\\public\\index.php')
CRITICAL - 2023-04-13 21:45:42 --> foreach() argument must be of type array|object, bool given
in APPPATH\Views\test.php on line 4.
 1 APPPATH\Views\test.php(4): CodeIgniter\Debug\Exceptions->errorHandler(2, 'foreach() argument must be of type array|object, bool given', 'C:\\xampp\\htdocs\\Salud\\app\\Views\\test.php', 4)
 2 SYSTEMPATH\View\View.php(213): include('C:\\xampp\\htdocs\\Salud\\app\\Views\\test.php')
 3 SYSTEMPATH\View\View.php(216): CodeIgniter\View\View->CodeIgniter\View\{closure}()
 4 SYSTEMPATH\Common.php(1184): CodeIgniter\View\View->render('test.php', [], true)
 5 APPPATH\Controllers\Encuesta.php(25): view('test.php', [...])
 6 SYSTEMPATH\CodeIgniter.php(934): App\Controllers\Encuesta->index()
 7 SYSTEMPATH\CodeIgniter.php(499): CodeIgniter\CodeIgniter->runController(Object(App\Controllers\Encuesta))
 8 SYSTEMPATH\CodeIgniter.php(368): CodeIgniter\CodeIgniter->handleRequest(null, Object(Config\Cache), false)
 9 FCPATH\index.php(68): CodeIgniter\CodeIgniter->run()
10 SYSTEMPATH\Commands\Server\rewrite.php(47): require_once('C:\\xampp\\htdocs\\Salud\\public\\index.php')
CRITICAL - 2023-04-13 21:46:08 --> Array to string conversion
in APPPATH\Views\test.php on line 4.
 1 APPPATH\Views\test.php(4): CodeIgniter\Debug\Exceptions->errorHandler(2, 'Array to string conversion', 'C:\\xampp\\htdocs\\Salud\\app\\Views\\test.php', 4)
 2 SYSTEMPATH\View\View.php(213): include('C:\\xampp\\htdocs\\Salud\\app\\Views\\test.php')
 3 SYSTEMPATH\View\View.php(216): CodeIgniter\View\View->CodeIgniter\View\{closure}()
 4 SYSTEMPATH\Common.php(1184): CodeIgniter\View\View->render('test.php', [], true)
 5 APPPATH\Controllers\Encuesta.php(25): view('test.php', [...])
 6 SYSTEMPATH\CodeIgniter.php(934): App\Controllers\Encuesta->index()
 7 SYSTEMPATH\CodeIgniter.php(499): CodeIgniter\CodeIgniter->runController(Object(App\Controllers\Encuesta))
 8 SYSTEMPATH\CodeIgniter.php(368): CodeIgniter\CodeIgniter->handleRequest(null, Object(Config\Cache), false)
 9 FCPATH\index.php(68): CodeIgniter\CodeIgniter->run()
10 SYSTEMPATH\Commands\Server\rewrite.php(47): require_once('C:\\xampp\\htdocs\\Salud\\public\\index.php')
CRITICAL - 2023-04-13 21:46:32 --> Array to string conversion
in APPPATH\Views\test.php on line 3.
 1 APPPATH\Views\test.php(3): CodeIgniter\Debug\Exceptions->errorHandler(2, 'Array to string conversion', 'C:\\xampp\\htdocs\\Salud\\app\\Views\\test.php', 3)
 2 SYSTEMPATH\View\View.php(213): include('C:\\xampp\\htdocs\\Salud\\app\\Views\\test.php')
 3 SYSTEMPATH\View\View.php(216): CodeIgniter\View\View->CodeIgniter\View\{closure}()
 4 SYSTEMPATH\Common.php(1184): CodeIgniter\View\View->render('test.php', [], true)
 5 APPPATH\Controllers\Encuesta.php(25): view('test.php', [...])
 6 SYSTEMPATH\CodeIgniter.php(934): App\Controllers\Encuesta->index()
 7 SYSTEMPATH\CodeIgniter.php(499): CodeIgniter\CodeIgniter->runController(Object(App\Controllers\Encuesta))
 8 SYSTEMPATH\CodeIgniter.php(368): CodeIgniter\CodeIgniter->handleRequest(null, Object(Config\Cache), false)
 9 FCPATH\index.php(68): CodeIgniter\CodeIgniter->run()
10 SYSTEMPATH\Commands\Server\rewrite.php(47): require_once('C:\\xampp\\htdocs\\Salud\\public\\index.php')
CRITICAL - 2023-04-13 21:47:01 --> Array to string conversion
in APPPATH\Views\test.php on line 4.
 1 APPPATH\Views\test.php(4): CodeIgniter\Debug\Exceptions->errorHandler(2, 'Array to string conversion', 'C:\\xampp\\htdocs\\Salud\\app\\Views\\test.php', 4)
 2 SYSTEMPATH\View\View.php(213): include('C:\\xampp\\htdocs\\Salud\\app\\Views\\test.php')
 3 SYSTEMPATH\View\View.php(216): CodeIgniter\View\View->CodeIgniter\View\{closure}()
 4 SYSTEMPATH\Common.php(1184): CodeIgniter\View\View->render('test.php', [], true)
 5 APPPATH\Controllers\Encuesta.php(25): view('test.php', [...])
 6 SYSTEMPATH\CodeIgniter.php(934): App\Controllers\Encuesta->index()
 7 SYSTEMPATH\CodeIgniter.php(499): CodeIgniter\CodeIgniter->runController(Object(App\Controllers\Encuesta))
 8 SYSTEMPATH\CodeIgniter.php(368): CodeIgniter\CodeIgniter->handleRequest(null, Object(Config\Cache), false)
 9 FCPATH\index.php(68): CodeIgniter\CodeIgniter->run()
10 SYSTEMPATH\Commands\Server\rewrite.php(47): require_once('C:\\xampp\\htdocs\\Salud\\public\\index.php')
CRITICAL - 2023-04-13 21:47:42 --> foreach() argument must be of type array|object, bool given
in APPPATH\Views\test.php on line 4.
 1 APPPATH\Views\test.php(4): CodeIgniter\Debug\Exceptions->errorHandler(2, 'foreach() argument must be of type array|object, bool given', 'C:\\xampp\\htdocs\\Salud\\app\\Views\\test.php', 4)
 2 SYSTEMPATH\View\View.php(213): include('C:\\xampp\\htdocs\\Salud\\app\\Views\\test.php')
 3 SYSTEMPATH\View\View.php(216): CodeIgniter\View\View->CodeIgniter\View\{closure}()
 4 SYSTEMPATH\Common.php(1184): CodeIgniter\View\View->render('test.php', [], true)
 5 APPPATH\Controllers\Encuesta.php(25): view('test.php', [...])
 6 SYSTEMPATH\CodeIgniter.php(934): App\Controllers\Encuesta->index()
 7 SYSTEMPATH\CodeIgniter.php(499): CodeIgniter\CodeIgniter->runController(Object(App\Controllers\Encuesta))
 8 SYSTEMPATH\CodeIgniter.php(368): CodeIgniter\CodeIgniter->handleRequest(null, Object(Config\Cache), false)
 9 FCPATH\index.php(68): CodeIgniter\CodeIgniter->run()
10 SYSTEMPATH\Commands\Server\rewrite.php(47): require_once('C:\\xampp\\htdocs\\Salud\\public\\index.php')
CRITICAL - 2023-04-13 21:52:19 --> foreach() argument must be of type array|object, bool given
in APPPATH\Views\test.php on line 4.
 1 APPPATH\Views\test.php(4): CodeIgniter\Debug\Exceptions->errorHandler(2, 'foreach() argument must be of type array|object, bool given', 'C:\\xampp\\htdocs\\Salud\\app\\Views\\test.php', 4)
 2 SYSTEMPATH\View\View.php(213): include('C:\\xampp\\htdocs\\Salud\\app\\Views\\test.php')
 3 SYSTEMPATH\View\View.php(216): CodeIgniter\View\View->CodeIgniter\View\{closure}()
 4 SYSTEMPATH\Common.php(1184): CodeIgniter\View\View->render('test.php', [], true)
 5 APPPATH\Controllers\Encuesta.php(25): view('test.php', [...])
 6 SYSTEMPATH\CodeIgniter.php(934): App\Controllers\Encuesta->index()
 7 SYSTEMPATH\CodeIgniter.php(499): CodeIgniter\CodeIgniter->runController(Object(App\Controllers\Encuesta))
 8 SYSTEMPATH\CodeIgniter.php(368): CodeIgniter\CodeIgniter->handleRequest(null, Object(Config\Cache), false)
 9 FCPATH\index.php(68): CodeIgniter\CodeIgniter->run()
10 SYSTEMPATH\Commands\Server\rewrite.php(47): require_once('C:\\xampp\\htdocs\\Salud\\public\\index.php')
CRITICAL - 2023-04-13 21:53:12 --> foreach() argument must be of type array|object, bool given
in APPPATH\Views\test.php on line 4.
 1 APPPATH\Views\test.php(4): CodeIgniter\Debug\Exceptions->errorHandler(2, 'foreach() argument must be of type array|object, bool given', 'C:\\xampp\\htdocs\\Salud\\app\\Views\\test.php', 4)
 2 SYSTEMPATH\View\View.php(213): include('C:\\xampp\\htdocs\\Salud\\app\\Views\\test.php')
 3 SYSTEMPATH\View\View.php(216): CodeIgniter\View\View->CodeIgniter\View\{closure}()
 4 SYSTEMPATH\Common.php(1184): CodeIgniter\View\View->render('test.php', [], true)
 5 APPPATH\Controllers\Encuesta.php(25): view('test.php', [...])
 6 SYSTEMPATH\CodeIgniter.php(934): App\Controllers\Encuesta->index()
 7 SYSTEMPATH\CodeIgniter.php(499): CodeIgniter\CodeIgniter->runController(Object(App\Controllers\Encuesta))
 8 SYSTEMPATH\CodeIgniter.php(368): CodeIgniter\CodeIgniter->handleRequest(null, Object(Config\Cache), false)
 9 FCPATH\index.php(68): CodeIgniter\CodeIgniter->run()
10 SYSTEMPATH\Commands\Server\rewrite.php(47): require_once('C:\\xampp\\htdocs\\Salud\\public\\index.php')
CRITICAL - 2023-04-13 21:53:53 --> Trying to access array offset on value of type bool
in APPPATH\Views\test.php on line 4.
 1 APPPATH\Views\test.php(4): CodeIgniter\Debug\Exceptions->errorHandler(2, 'Trying to access array offset on value of type bool', 'C:\\xampp\\htdocs\\Salud\\app\\Views\\test.php', 4)
 2 SYSTEMPATH\View\View.php(213): include('C:\\xampp\\htdocs\\Salud\\app\\Views\\test.php')
 3 SYSTEMPATH\View\View.php(216): CodeIgniter\View\View->CodeIgniter\View\{closure}()
 4 SYSTEMPATH\Common.php(1184): CodeIgniter\View\View->render('test.php', [], true)
 5 APPPATH\Controllers\Encuesta.php(25): view('test.php', [...])
 6 SYSTEMPATH\CodeIgniter.php(934): App\Controllers\Encuesta->index()
 7 SYSTEMPATH\CodeIgniter.php(499): CodeIgniter\CodeIgniter->runController(Object(App\Controllers\Encuesta))
 8 SYSTEMPATH\CodeIgniter.php(368): CodeIgniter\CodeIgniter->handleRequest(null, Object(Config\Cache), false)
 9 FCPATH\index.php(68): CodeIgniter\CodeIgniter->run()
10 SYSTEMPATH\Commands\Server\rewrite.php(47): require_once('C:\\xampp\\htdocs\\Salud\\public\\index.php')
CRITICAL - 2023-04-13 21:56:02 --> Trying to access array offset on value of type bool
in APPPATH\Views\test.php on line 4.
 1 APPPATH\Views\test.php(4): CodeIgniter\Debug\Exceptions->errorHandler(2, 'Trying to access array offset on value of type bool', 'C:\\xampp\\htdocs\\Salud\\app\\Views\\test.php', 4)
 2 SYSTEMPATH\View\View.php(213): include('C:\\xampp\\htdocs\\Salud\\app\\Views\\test.php')
 3 SYSTEMPATH\View\View.php(216): CodeIgniter\View\View->CodeIgniter\View\{closure}()
 4 SYSTEMPATH\Common.php(1184): CodeIgniter\View\View->render('test.php', [], true)
 5 APPPATH\Controllers\Encuesta.php(25): view('test.php', [...])
 6 SYSTEMPATH\CodeIgniter.php(934): App\Controllers\Encuesta->index()
 7 SYSTEMPATH\CodeIgniter.php(499): CodeIgniter\CodeIgniter->runController(Object(App\Controllers\Encuesta))
 8 SYSTEMPATH\CodeIgniter.php(368): CodeIgniter\CodeIgniter->handleRequest(null, Object(Config\Cache), false)
 9 FCPATH\index.php(68): CodeIgniter\CodeIgniter->run()
10 SYSTEMPATH\Commands\Server\rewrite.php(47): require_once('C:\\xampp\\htdocs\\Salud\\public\\index.php')
CRITICAL - 2023-04-13 21:56:27 --> Trying to access array offset on value of type bool
in APPPATH\Views\test.php on line 4.
 1 APPPATH\Views\test.php(4): CodeIgniter\Debug\Exceptions->errorHandler(2, 'Trying to access array offset on value of type bool', 'C:\\xampp\\htdocs\\Salud\\app\\Views\\test.php', 4)
 2 SYSTEMPATH\View\View.php(213): include('C:\\xampp\\htdocs\\Salud\\app\\Views\\test.php')
 3 SYSTEMPATH\View\View.php(216): CodeIgniter\View\View->CodeIgniter\View\{closure}()
 4 SYSTEMPATH\Common.php(1184): CodeIgniter\View\View->render('test.php', [], true)
 5 APPPATH\Controllers\Encuesta.php(25): view('test.php', [...])
 6 SYSTEMPATH\CodeIgniter.php(934): App\Controllers\Encuesta->index()
 7 SYSTEMPATH\CodeIgniter.php(499): CodeIgniter\CodeIgniter->runController(Object(App\Controllers\Encuesta))
 8 SYSTEMPATH\CodeIgniter.php(368): CodeIgniter\CodeIgniter->handleRequest(null, Object(Config\Cache), false)
 9 FCPATH\index.php(68): CodeIgniter\CodeIgniter->run()
10 SYSTEMPATH\Commands\Server\rewrite.php(47): require_once('C:\\xampp\\htdocs\\Salud\\public\\index.php')
CRITICAL - 2023-04-13 21:56:53 --> Array to string conversion
in APPPATH\Views\test.php on line 4.
 1 APPPATH\Views\test.php(4): CodeIgniter\Debug\Exceptions->errorHandler(2, 'Array to string conversion', 'C:\\xampp\\htdocs\\Salud\\app\\Views\\test.php', 4)
 2 SYSTEMPATH\View\View.php(213): include('C:\\xampp\\htdocs\\Salud\\app\\Views\\test.php')
 3 SYSTEMPATH\View\View.php(216): CodeIgniter\View\View->CodeIgniter\View\{closure}()
 4 SYSTEMPATH\Common.php(1184): CodeIgniter\View\View->render('test.php', [], true)
 5 APPPATH\Controllers\Encuesta.php(25): view('test.php', [...])
 6 SYSTEMPATH\CodeIgniter.php(934): App\Controllers\Encuesta->index()
 7 SYSTEMPATH\CodeIgniter.php(499): CodeIgniter\CodeIgniter->runController(Object(App\Controllers\Encuesta))
 8 SYSTEMPATH\CodeIgniter.php(368): CodeIgniter\CodeIgniter->handleRequest(null, Object(Config\Cache), false)
 9 FCPATH\index.php(68): CodeIgniter\CodeIgniter->run()
10 SYSTEMPATH\Commands\Server\rewrite.php(47): require_once('C:\\xampp\\htdocs\\Salud\\public\\index.php')
CRITICAL - 2023-04-13 21:59:39 --> Array to string conversion
in APPPATH\Views\test.php on line 4.
 1 APPPATH\Views\test.php(4): CodeIgniter\Debug\Exceptions->errorHandler(2, 'Array to string conversion', 'C:\\xampp\\htdocs\\Salud\\app\\Views\\test.php', 4)
 2 SYSTEMPATH\View\View.php(213): include('C:\\xampp\\htdocs\\Salud\\app\\Views\\test.php')
 3 SYSTEMPATH\View\View.php(216): CodeIgniter\View\View->CodeIgniter\View\{closure}()
 4 SYSTEMPATH\Common.php(1184): CodeIgniter\View\View->render('test.php', [], true)
 5 APPPATH\Controllers\Encuesta.php(25): view('test.php', [...])
 6 SYSTEMPATH\CodeIgniter.php(934): App\Controllers\Encuesta->index()
 7 SYSTEMPATH\CodeIgniter.php(499): CodeIgniter\CodeIgniter->runController(Object(App\Controllers\Encuesta))
 8 SYSTEMPATH\CodeIgniter.php(368): CodeIgniter\CodeIgniter->handleRequest(null, Object(Config\Cache), false)
 9 FCPATH\index.php(68): CodeIgniter\CodeIgniter->run()
10 SYSTEMPATH\Commands\Server\rewrite.php(47): require_once('C:\\xampp\\htdocs\\Salud\\public\\index.php')
CRITICAL - 2023-04-13 22:00:04 --> foreach() argument must be of type array|object, bool given
in APPPATH\Views\test.php on line 4.
 1 APPPATH\Views\test.php(4): CodeIgniter\Debug\Exceptions->errorHandler(2, 'foreach() argument must be of type array|object, bool given', 'C:\\xampp\\htdocs\\Salud\\app\\Views\\test.php', 4)
 2 SYSTEMPATH\View\View.php(213): include('C:\\xampp\\htdocs\\Salud\\app\\Views\\test.php')
 3 SYSTEMPATH\View\View.php(216): CodeIgniter\View\View->CodeIgniter\View\{closure}()
 4 SYSTEMPATH\Common.php(1184): CodeIgniter\View\View->render('test.php', [], true)
 5 APPPATH\Controllers\Encuesta.php(25): view('test.php', [...])
 6 SYSTEMPATH\CodeIgniter.php(934): App\Controllers\Encuesta->index()
 7 SYSTEMPATH\CodeIgniter.php(499): CodeIgniter\CodeIgniter->runController(Object(App\Controllers\Encuesta))
 8 SYSTEMPATH\CodeIgniter.php(368): CodeIgniter\CodeIgniter->handleRequest(null, Object(Config\Cache), false)
 9 FCPATH\index.php(68): CodeIgniter\CodeIgniter->run()
10 SYSTEMPATH\Commands\Server\rewrite.php(47): require_once('C:\\xampp\\htdocs\\Salud\\public\\index.php')
CRITICAL - 2023-04-13 22:04:04 --> Invalid file: "bienbenido.php"
in SYSTEMPATH\Exceptions\FrameworkException.php on line 33.
 1 SYSTEMPATH\View\View.php(201): CodeIgniter\Exceptions\FrameworkException::forInvalidFile('bienbenido.php')
 2 SYSTEMPATH\Common.php(1184): CodeIgniter\View\View->render('bienbenido.php', [], true)
 3 APPPATH\Controllers\Encuesta.php(22): view('bienbenido.php')
 4 SYSTEMPATH\CodeIgniter.php(934): App\Controllers\Encuesta->index()
 5 SYSTEMPATH\CodeIgniter.php(499): CodeIgniter\CodeIgniter->runController(Object(App\Controllers\Encuesta))
 6 SYSTEMPATH\CodeIgniter.php(368): CodeIgniter\CodeIgniter->handleRequest(null, Object(Config\Cache), false)
 7 FCPATH\index.php(68): CodeIgniter\CodeIgniter->run()
 8 SYSTEMPATH\Commands\Server\rewrite.php(47): require_once('C:\\xampp\\htdocs\\Salud\\public\\index.php')
CRITICAL - 2023-04-13 22:06:51 --> Undefined array key 6
in APPPATH\Views\test.php on line 4.
 1 APPPATH\Views\test.php(4): CodeIgniter\Debug\Exceptions->errorHandler(2, 'Undefined array key 6', 'C:\\xampp\\htdocs\\Salud\\app\\Views\\test.php', 4)
 2 SYSTEMPATH\View\View.php(213): include('C:\\xampp\\htdocs\\Salud\\app\\Views\\test.php')
 3 SYSTEMPATH\View\View.php(216): CodeIgniter\View\View->CodeIgniter\View\{closure}()
 4 SYSTEMPATH\Common.php(1184): CodeIgniter\View\View->render('test.php', [], true)
 5 APPPATH\Controllers\Encuesta.php(25): view('test.php', [...])
 6 SYSTEMPATH\CodeIgniter.php(934): App\Controllers\Encuesta->index()
 7 SYSTEMPATH\CodeIgniter.php(499): CodeIgniter\CodeIgniter->runController(Object(App\Controllers\Encuesta))
 8 SYSTEMPATH\CodeIgniter.php(368): CodeIgniter\CodeIgniter->handleRequest(null, Object(Config\Cache), false)
 9 FCPATH\index.php(68): CodeIgniter\CodeIgniter->run()
10 SYSTEMPATH\Commands\Server\rewrite.php(47): require_once('C:\\xampp\\htdocs\\Salud\\public\\index.php')
ERROR - 2023-04-13 22:46:25 --> mysqli_sql_exception: Cannot add or update a child row: a foreign key constraint fails (`encuestadocpostgrado_joomla3`.`estudiante_carrera`, CONSTRAINT `estudiante_carrera_ibfk_2` FOREIGN KEY (`rut`) REFERENCES `estudiante` (`rut`)) in C:\xampp\htdocs\Salud\system\Database\MySQLi\Connection.php:295
Stack trace:
#0 C:\xampp\htdocs\Salud\system\Database\MySQLi\Connection.php(295): mysqli->query('INSERT INTO `es...', 0)
#1 C:\xampp\htdocs\Salud\system\Database\BaseConnection.php(691): CodeIgniter\Database\MySQLi\Connection->execute('INSERT INTO `es...')
#2 C:\xampp\htdocs\Salud\system\Database\BaseConnection.php(605): CodeIgniter\Database\BaseConnection->simpleQuery('INSERT INTO `es...')
#3 C:\xampp\htdocs\Salud\system\Database\BaseBuilder.php(2309): CodeIgniter\Database\BaseConnection->query('INSERT INTO `es...', Array, false)
#4 C:\xampp\htdocs\Salud\app\Models\Tokens_1219.php(34): CodeIgniter\Database\BaseBuilder->insert(Array)
#5 C:\xampp\htdocs\Salud\app\Controllers\Encuesta.php(14): App\Models\Tokens_1219->load_estudiante_csv()
#6 C:\xampp\htdocs\Salud\system\CodeIgniter.php(906): App\Controllers\Encuesta->__construct()
#7 C:\xampp\htdocs\Salud\system\CodeIgniter.php(490): CodeIgniter\CodeIgniter->createController()
#8 C:\xampp\htdocs\Salud\system\CodeIgniter.php(368): CodeIgniter\CodeIgniter->handleRequest(NULL, Object(Config\Cache), false)
#9 C:\xampp\htdocs\Salud\public\index.php(68): CodeIgniter\CodeIgniter->run()
#10 C:\xampp\htdocs\Salud\system\Commands\Server\rewrite.php(47): require_once('C:\\xampp\\htdocs...')
#11 {main}
CRITICAL - 2023-04-13 22:46:25 --> Cannot add or update a child row: a foreign key constraint fails (`encuestadocpostgrado_joomla3`.`estudiante_carrera`, CONSTRAINT `estudiante_carrera_ibfk_2` FOREIGN KEY (`rut`) REFERENCES `estudiante` (`rut`))
in SYSTEMPATH\Database\MySQLi\Connection.php on line 295.
 1 SYSTEMPATH\Database\MySQLi\Connection.php(295): mysqli->query('INSERT INTO `estudiante_carrera` (`codigo_asig`, `rut`) VALUES (\'EMPD101\', \'AARONVILLALOBOS@postgrado.uv.cl\')', 0)
 2 SYSTEMPATH\Database\BaseConnection.php(691): CodeIgniter\Database\MySQLi\Connection->execute('INSERT INTO `estudiante_carrera` (`codigo_asig`, `rut`) VALUES (\'EMPD101\', \'AARONVILLALOBOS@postgrado.uv.cl\')')
 3 SYSTEMPATH\Database\BaseConnection.php(605): CodeIgniter\Database\BaseConnection->simpleQuery('INSERT INTO `estudiante_carrera` (`codigo_asig`, `rut`) VALUES (\'EMPD101\', \'AARONVILLALOBOS@postgrado.uv.cl\')')
 4 SYSTEMPATH\Database\BaseBuilder.php(2309): CodeIgniter\Database\BaseConnection->query('INSERT INTO `estudiante_carrera` (`codigo_asig`, `rut`) VALUES (:codigo_asig:, :rut:)', [...], false)
 5 APPPATH\Models\Tokens_1219.php(34): CodeIgniter\Database\BaseBuilder->insert([...])
 6 APPPATH\Controllers\Encuesta.php(14): App\Models\Tokens_1219->load_estudiante_csv()
 7 SYSTEMPATH\CodeIgniter.php(906): App\Controllers\Encuesta->__construct()
 8 SYSTEMPATH\CodeIgniter.php(490): CodeIgniter\CodeIgniter->createController()
 9 SYSTEMPATH\CodeIgniter.php(368): CodeIgniter\CodeIgniter->handleRequest(null, Object(Config\Cache), false)
10 FCPATH\index.php(68): CodeIgniter\CodeIgniter->run()
11 SYSTEMPATH\Commands\Server\rewrite.php(47): require_once('C:\\xampp\\htdocs\\Salud\\public\\index.php')
ERROR - 2023-04-13 22:47:41 --> mysqli_sql_exception: Duplicate entry '7970607' for key 'estudiante.PRIMARY' in C:\xampp\htdocs\Salud\system\Database\MySQLi\Connection.php:295
Stack trace:
#0 C:\xampp\htdocs\Salud\system\Database\MySQLi\Connection.php(295): mysqli->query('INSERT INTO `es...', 0)
#1 C:\xampp\htdocs\Salud\system\Database\BaseConnection.php(691): CodeIgniter\Database\MySQLi\Connection->execute('INSERT INTO `es...')
#2 C:\xampp\htdocs\Salud\system\Database\BaseConnection.php(605): CodeIgniter\Database\BaseConnection->simpleQuery('INSERT INTO `es...')
#3 C:\xampp\htdocs\Salud\system\Database\BaseBuilder.php(2309): CodeIgniter\Database\BaseConnection->query('INSERT INTO `es...', Array, false)
#4 C:\xampp\htdocs\Salud\app\Models\Tokens_1219.php(28): CodeIgniter\Database\BaseBuilder->insert(Array)
#5 C:\xampp\htdocs\Salud\app\Controllers\Encuesta.php(14): App\Models\Tokens_1219->load_estudiante_csv()
#6 C:\xampp\htdocs\Salud\system\CodeIgniter.php(906): App\Controllers\Encuesta->__construct()
#7 C:\xampp\htdocs\Salud\system\CodeIgniter.php(490): CodeIgniter\CodeIgniter->createController()
#8 C:\xampp\htdocs\Salud\system\CodeIgniter.php(368): CodeIgniter\CodeIgniter->handleRequest(NULL, Object(Config\Cache), false)
#9 C:\xampp\htdocs\Salud\public\index.php(68): CodeIgniter\CodeIgniter->run()
#10 C:\xampp\htdocs\Salud\system\Commands\Server\rewrite.php(47): require_once('C:\\xampp\\htdocs...')
#11 {main}
CRITICAL - 2023-04-13 22:47:41 --> Duplicate entry '7970607' for key 'estudiante.PRIMARY'
in SYSTEMPATH\Database\MySQLi\Connection.php on line 295.
 1 SYSTEMPATH\Database\MySQLi\Connection.php(295): mysqli->query('INSERT INTO `estudiante` (`nombre`, `apellido`, `email`, `nombre_especialidad`, `nombre_campo_clinico`, `rut`, `codigo_programa`) VALUES (\'﻿AARON\', \'VILLALOBOS\', \'AARONVILLALOBOS@postgrado.uv.cl\', \'Especialidad en Pediatria\', \'\', \'7970607\', \'20030182\')', 0)
 2 SYSTEMPATH\Database\BaseConnection.php(691): CodeIgniter\Database\MySQLi\Connection->execute('INSERT INTO `estudiante` (`nombre`, `apellido`, `email`, `nombre_especialidad`, `nombre_campo_clinico`, `rut`, `codigo_programa`) VALUES (\'﻿AARON\', \'VILLALOBOS\', \'AARONVILLALOBOS@postgrado.uv.cl\', \'Especialidad en Pediatria\', \'\', \'7970607\', \'20030182\')')
 3 SYSTEMPATH\Database\BaseConnection.php(605): CodeIgniter\Database\BaseConnection->simpleQuery('INSERT INTO `estudiante` (`nombre`, `apellido`, `email`, `nombre_especialidad`, `nombre_campo_clinico`, `rut`, `codigo_programa`) VALUES (\'﻿AARON\', \'VILLALOBOS\', \'AARONVILLALOBOS@postgrado.uv.cl\', \'Especialidad en Pediatria\', \'\', \'7970607\', \'20030182\')')
 4 SYSTEMPATH\Database\BaseBuilder.php(2309): CodeIgniter\Database\BaseConnection->query('INSERT INTO `estudiante` (`nombre`, `apellido`, `email`, `nombre_especialidad`, `nombre_campo_clinico`, `rut`, `codigo_programa`) VALUES (:nombre:, :apellido:, :email:, :nombre_especialidad:, :nombre_campo_clinico:, :rut:, :codigo_programa:)', [...], false)
 5 APPPATH\Models\Tokens_1219.php(28): CodeIgniter\Database\BaseBuilder->insert([...])
 6 APPPATH\Controllers\Encuesta.php(14): App\Models\Tokens_1219->load_estudiante_csv()
 7 SYSTEMPATH\CodeIgniter.php(906): App\Controllers\Encuesta->__construct()
 8 SYSTEMPATH\CodeIgniter.php(490): CodeIgniter\CodeIgniter->createController()
 9 SYSTEMPATH\CodeIgniter.php(368): CodeIgniter\CodeIgniter->handleRequest(null, Object(Config\Cache), false)
10 FCPATH\index.php(68): CodeIgniter\CodeIgniter->run()
11 SYSTEMPATH\Commands\Server\rewrite.php(47): require_once('C:\\xampp\\htdocs\\Salud\\public\\index.php')
ERROR - 2023-04-13 22:49:43 --> mysqli_sql_exception: Duplicate entry '7970607' for key 'estudiante.PRIMARY' in C:\xampp\htdocs\Salud\system\Database\MySQLi\Connection.php:295
Stack trace:
#0 C:\xampp\htdocs\Salud\system\Database\MySQLi\Connection.php(295): mysqli->query('INSERT INTO `es...', 0)
#1 C:\xampp\htdocs\Salud\system\Database\BaseConnection.php(691): CodeIgniter\Database\MySQLi\Connection->execute('INSERT INTO `es...')
#2 C:\xampp\htdocs\Salud\system\Database\BaseConnection.php(605): CodeIgniter\Database\BaseConnection->simpleQuery('INSERT INTO `es...')
#3 C:\xampp\htdocs\Salud\system\Database\BaseBuilder.php(2309): CodeIgniter\Database\BaseConnection->query('INSERT INTO `es...', Array, false)
#4 C:\xampp\htdocs\Salud\app\Models\Tokens_1219.php(28): CodeIgniter\Database\BaseBuilder->insert(Array)
#5 C:\xampp\htdocs\Salud\app\Controllers\Encuesta.php(14): App\Models\Tokens_1219->load_estudiante_csv()
#6 C:\xampp\htdocs\Salud\system\CodeIgniter.php(906): App\Controllers\Encuesta->__construct()
#7 C:\xampp\htdocs\Salud\system\CodeIgniter.php(490): CodeIgniter\CodeIgniter->createController()
#8 C:\xampp\htdocs\Salud\system\CodeIgniter.php(368): CodeIgniter\CodeIgniter->handleRequest(NULL, Object(Config\Cache), false)
#9 C:\xampp\htdocs\Salud\public\index.php(68): CodeIgniter\CodeIgniter->run()
#10 C:\xampp\htdocs\Salud\system\Commands\Server\rewrite.php(47): require_once('C:\\xampp\\htdocs...')
#11 {main}
CRITICAL - 2023-04-13 22:49:43 --> Duplicate entry '7970607' for key 'estudiante.PRIMARY'
in SYSTEMPATH\Database\MySQLi\Connection.php on line 295.
 1 SYSTEMPATH\Database\MySQLi\Connection.php(295): mysqli->query('INSERT INTO `estudiante` (`nombre`, `apellido`, `email`, `nombre_especialidad`, `nombre_campo_clinico`, `rut`, `codigo_programa`) VALUES (\'﻿AARON\', \'VILLALOBOS\', \'AARONVILLALOBOS@postgrado.uv.cl\', \'Especialidad en Pediatria\', \'\', \'7970607\', \'20030182\')', 0)
 2 SYSTEMPATH\Database\BaseConnection.php(691): CodeIgniter\Database\MySQLi\Connection->execute('INSERT INTO `estudiante` (`nombre`, `apellido`, `email`, `nombre_especialidad`, `nombre_campo_clinico`, `rut`, `codigo_programa`) VALUES (\'﻿AARON\', \'VILLALOBOS\', \'AARONVILLALOBOS@postgrado.uv.cl\', \'Especialidad en Pediatria\', \'\', \'7970607\', \'20030182\')')
 3 SYSTEMPATH\Database\BaseConnection.php(605): CodeIgniter\Database\BaseConnection->simpleQuery('INSERT INTO `estudiante` (`nombre`, `apellido`, `email`, `nombre_especialidad`, `nombre_campo_clinico`, `rut`, `codigo_programa`) VALUES (\'﻿AARON\', \'VILLALOBOS\', \'AARONVILLALOBOS@postgrado.uv.cl\', \'Especialidad en Pediatria\', \'\', \'7970607\', \'20030182\')')
 4 SYSTEMPATH\Database\BaseBuilder.php(2309): CodeIgniter\Database\BaseConnection->query('INSERT INTO `estudiante` (`nombre`, `apellido`, `email`, `nombre_especialidad`, `nombre_campo_clinico`, `rut`, `codigo_programa`) VALUES (:nombre:, :apellido:, :email:, :nombre_especialidad:, :nombre_campo_clinico:, :rut:, :codigo_programa:)', [...], false)
 5 APPPATH\Models\Tokens_1219.php(28): CodeIgniter\Database\BaseBuilder->insert([...])
 6 APPPATH\Controllers\Encuesta.php(14): App\Models\Tokens_1219->load_estudiante_csv()
 7 SYSTEMPATH\CodeIgniter.php(906): App\Controllers\Encuesta->__construct()
 8 SYSTEMPATH\CodeIgniter.php(490): CodeIgniter\CodeIgniter->createController()
 9 SYSTEMPATH\CodeIgniter.php(368): CodeIgniter\CodeIgniter->handleRequest(null, Object(Config\Cache), false)
10 FCPATH\index.php(68): CodeIgniter\CodeIgniter->run()
11 SYSTEMPATH\Commands\Server\rewrite.php(47): require_once('C:\\xampp\\htdocs\\Salud\\public\\index.php')
ERROR - 2023-04-13 22:50:11 --> mysqli_sql_exception: Duplicate entry '7970607' for key 'estudiante.PRIMARY' in C:\xampp\htdocs\Salud\system\Database\MySQLi\Connection.php:295
Stack trace:
#0 C:\xampp\htdocs\Salud\system\Database\MySQLi\Connection.php(295): mysqli->query('INSERT INTO `es...', 0)
#1 C:\xampp\htdocs\Salud\system\Database\BaseConnection.php(691): CodeIgniter\Database\MySQLi\Connection->execute('INSERT INTO `es...')
#2 C:\xampp\htdocs\Salud\system\Database\BaseConnection.php(605): CodeIgniter\Database\BaseConnection->simpleQuery('INSERT INTO `es...')
#3 C:\xampp\htdocs\Salud\system\Database\BaseBuilder.php(2309): CodeIgniter\Database\BaseConnection->query('INSERT INTO `es...', Array, false)
#4 C:\xampp\htdocs\Salud\app\Models\Tokens_1219.php(28): CodeIgniter\Database\BaseBuilder->insert(Array)
#5 C:\xampp\htdocs\Salud\app\Controllers\Encuesta.php(14): App\Models\Tokens_1219->load_estudiante_csv()
#6 C:\xampp\htdocs\Salud\system\CodeIgniter.php(906): App\Controllers\Encuesta->__construct()
#7 C:\xampp\htdocs\Salud\system\CodeIgniter.php(490): CodeIgniter\CodeIgniter->createController()
#8 C:\xampp\htdocs\Salud\system\CodeIgniter.php(368): CodeIgniter\CodeIgniter->handleRequest(NULL, Object(Config\Cache), false)
#9 C:\xampp\htdocs\Salud\public\index.php(68): CodeIgniter\CodeIgniter->run()
#10 C:\xampp\htdocs\Salud\system\Commands\Server\rewrite.php(47): require_once('C:\\xampp\\htdocs...')
#11 {main}
CRITICAL - 2023-04-13 22:50:11 --> Duplicate entry '7970607' for key 'estudiante.PRIMARY'
in SYSTEMPATH\Database\MySQLi\Connection.php on line 295.
 1 SYSTEMPATH\Database\MySQLi\Connection.php(295): mysqli->query('INSERT INTO `estudiante` (`nombre`, `apellido`, `email`, `nombre_especialidad`, `nombre_campo_clinico`, `rut`, `codigo_programa`) VALUES (\'﻿AARON\', \'VILLALOBOS\', \'AARONVILLALOBOS@postgrado.uv.cl\', \'Especialidad en Pediatria\', \'\', \'7970607\', \'20030182\')', 0)
 2 SYSTEMPATH\Database\BaseConnection.php(691): CodeIgniter\Database\MySQLi\Connection->execute('INSERT INTO `estudiante` (`nombre`, `apellido`, `email`, `nombre_especialidad`, `nombre_campo_clinico`, `rut`, `codigo_programa`) VALUES (\'﻿AARON\', \'VILLALOBOS\', \'AARONVILLALOBOS@postgrado.uv.cl\', \'Especialidad en Pediatria\', \'\', \'7970607\', \'20030182\')')
 3 SYSTEMPATH\Database\BaseConnection.php(605): CodeIgniter\Database\BaseConnection->simpleQuery('INSERT INTO `estudiante` (`nombre`, `apellido`, `email`, `nombre_especialidad`, `nombre_campo_clinico`, `rut`, `codigo_programa`) VALUES (\'﻿AARON\', \'VILLALOBOS\', \'AARONVILLALOBOS@postgrado.uv.cl\', \'Especialidad en Pediatria\', \'\', \'7970607\', \'20030182\')')
 4 SYSTEMPATH\Database\BaseBuilder.php(2309): CodeIgniter\Database\BaseConnection->query('INSERT INTO `estudiante` (`nombre`, `apellido`, `email`, `nombre_especialidad`, `nombre_campo_clinico`, `rut`, `codigo_programa`) VALUES (:nombre:, :apellido:, :email:, :nombre_especialidad:, :nombre_campo_clinico:, :rut:, :codigo_programa:)', [...], false)
 5 APPPATH\Models\Tokens_1219.php(28): CodeIgniter\Database\BaseBuilder->insert([...])
 6 APPPATH\Controllers\Encuesta.php(14): App\Models\Tokens_1219->load_estudiante_csv()
 7 SYSTEMPATH\CodeIgniter.php(906): App\Controllers\Encuesta->__construct()
 8 SYSTEMPATH\CodeIgniter.php(490): CodeIgniter\CodeIgniter->createController()
 9 SYSTEMPATH\CodeIgniter.php(368): CodeIgniter\CodeIgniter->handleRequest(null, Object(Config\Cache), false)
10 FCPATH\index.php(68): CodeIgniter\CodeIgniter->run()
11 SYSTEMPATH\Commands\Server\rewrite.php(47): require_once('C:\\xampp\\htdocs\\Salud\\public\\index.php')
ERROR - 2023-04-13 22:51:38 --> mysqli_sql_exception: Duplicate entry '7970607' for key 'estudiante.PRIMARY' in C:\xampp\htdocs\Salud\system\Database\MySQLi\Connection.php:295
Stack trace:
#0 C:\xampp\htdocs\Salud\system\Database\MySQLi\Connection.php(295): mysqli->query('INSERT INTO `es...', 0)
#1 C:\xampp\htdocs\Salud\system\Database\BaseConnection.php(691): CodeIgniter\Database\MySQLi\Connection->execute('INSERT INTO `es...')
#2 C:\xampp\htdocs\Salud\system\Database\BaseConnection.php(605): CodeIgniter\Database\BaseConnection->simpleQuery('INSERT INTO `es...')
#3 C:\xampp\htdocs\Salud\system\Database\BaseBuilder.php(2309): CodeIgniter\Database\BaseConnection->query('INSERT INTO `es...', Array, false)
#4 C:\xampp\htdocs\Salud\app\Models\Tokens_1219.php(28): CodeIgniter\Database\BaseBuilder->insert(Array)
#5 C:\xampp\htdocs\Salud\app\Controllers\Encuesta.php(16): App\Models\Tokens_1219->load_estudiante_csv()
#6 C:\xampp\htdocs\Salud\system\CodeIgniter.php(906): App\Controllers\Encuesta->__construct()
#7 C:\xampp\htdocs\Salud\system\CodeIgniter.php(490): CodeIgniter\CodeIgniter->createController()
#8 C:\xampp\htdocs\Salud\system\CodeIgniter.php(368): CodeIgniter\CodeIgniter->handleRequest(NULL, Object(Config\Cache), false)
#9 C:\xampp\htdocs\Salud\public\index.php(68): CodeIgniter\CodeIgniter->run()
#10 C:\xampp\htdocs\Salud\system\Commands\Server\rewrite.php(47): require_once('C:\\xampp\\htdocs...')
#11 {main}
CRITICAL - 2023-04-13 22:51:38 --> Duplicate entry '7970607' for key 'estudiante.PRIMARY'
in SYSTEMPATH\Database\MySQLi\Connection.php on line 295.
 1 SYSTEMPATH\Database\MySQLi\Connection.php(295): mysqli->query('INSERT INTO `estudiante` (`nombre`, `apellido`, `email`, `nombre_especialidad`, `nombre_campo_clinico`, `rut`, `codigo_programa`) VALUES (\'﻿AARON\', \'VILLALOBOS\', \'AARONVILLALOBOS@postgrado.uv.cl\', \'Especialidad en Pediatria\', \'\', \'7970607\', \'20030182\')', 0)
 2 SYSTEMPATH\Database\BaseConnection.php(691): CodeIgniter\Database\MySQLi\Connection->execute('INSERT INTO `estudiante` (`nombre`, `apellido`, `email`, `nombre_especialidad`, `nombre_campo_clinico`, `rut`, `codigo_programa`) VALUES (\'﻿AARON\', \'VILLALOBOS\', \'AARONVILLALOBOS@postgrado.uv.cl\', \'Especialidad en Pediatria\', \'\', \'7970607\', \'20030182\')')
 3 SYSTEMPATH\Database\BaseConnection.php(605): CodeIgniter\Database\BaseConnection->simpleQuery('INSERT INTO `estudiante` (`nombre`, `apellido`, `email`, `nombre_especialidad`, `nombre_campo_clinico`, `rut`, `codigo_programa`) VALUES (\'﻿AARON\', \'VILLALOBOS\', \'AARONVILLALOBOS@postgrado.uv.cl\', \'Especialidad en Pediatria\', \'\', \'7970607\', \'20030182\')')
 4 SYSTEMPATH\Database\BaseBuilder.php(2309): CodeIgniter\Database\BaseConnection->query('INSERT INTO `estudiante` (`nombre`, `apellido`, `email`, `nombre_especialidad`, `nombre_campo_clinico`, `rut`, `codigo_programa`) VALUES (:nombre:, :apellido:, :email:, :nombre_especialidad:, :nombre_campo_clinico:, :rut:, :codigo_programa:)', [...], false)
 5 APPPATH\Models\Tokens_1219.php(28): CodeIgniter\Database\BaseBuilder->insert([...])
 6 APPPATH\Controllers\Encuesta.php(16): App\Models\Tokens_1219->load_estudiante_csv()
 7 SYSTEMPATH\CodeIgniter.php(906): App\Controllers\Encuesta->__construct()
 8 SYSTEMPATH\CodeIgniter.php(490): CodeIgniter\CodeIgniter->createController()
 9 SYSTEMPATH\CodeIgniter.php(368): CodeIgniter\CodeIgniter->handleRequest(null, Object(Config\Cache), false)
10 FCPATH\index.php(68): CodeIgniter\CodeIgniter->run()
11 SYSTEMPATH\Commands\Server\rewrite.php(47): require_once('C:\\xampp\\htdocs\\Salud\\public\\index.php')
ERROR - 2023-04-13 22:52:11 --> mysqli_sql_exception: Duplicate entry '7970607' for key 'estudiante.PRIMARY' in C:\xampp\htdocs\Salud\system\Database\MySQLi\Connection.php:295
Stack trace:
#0 C:\xampp\htdocs\Salud\system\Database\MySQLi\Connection.php(295): mysqli->query('INSERT INTO `es...', 0)
#1 C:\xampp\htdocs\Salud\system\Database\BaseConnection.php(691): CodeIgniter\Database\MySQLi\Connection->execute('INSERT INTO `es...')
#2 C:\xampp\htdocs\Salud\system\Database\BaseConnection.php(605): CodeIgniter\Database\BaseConnection->simpleQuery('INSERT INTO `es...')
#3 C:\xampp\htdocs\Salud\system\Database\BaseBuilder.php(2309): CodeIgniter\Database\BaseConnection->query('INSERT INTO `es...', Array, false)
#4 C:\xampp\htdocs\Salud\app\Models\Tokens_1219.php(28): CodeIgniter\Database\BaseBuilder->insert(Array)
#5 C:\xampp\htdocs\Salud\app\Controllers\Encuesta.php(16): App\Models\Tokens_1219->load_estudiante_csv()
#6 C:\xampp\htdocs\Salud\system\CodeIgniter.php(906): App\Controllers\Encuesta->__construct()
#7 C:\xampp\htdocs\Salud\system\CodeIgniter.php(490): CodeIgniter\CodeIgniter->createController()
#8 C:\xampp\htdocs\Salud\system\CodeIgniter.php(368): CodeIgniter\CodeIgniter->handleRequest(NULL, Object(Config\Cache), false)
#9 C:\xampp\htdocs\Salud\public\index.php(68): CodeIgniter\CodeIgniter->run()
#10 C:\xampp\htdocs\Salud\system\Commands\Server\rewrite.php(47): require_once('C:\\xampp\\htdocs...')
#11 {main}
CRITICAL - 2023-04-13 22:52:11 --> Duplicate entry '7970607' for key 'estudiante.PRIMARY'
in SYSTEMPATH\Database\MySQLi\Connection.php on line 295.
 1 SYSTEMPATH\Database\MySQLi\Connection.php(295): mysqli->query('INSERT INTO `estudiante` (`nombre`, `apellido`, `email`, `nombre_especialidad`, `nombre_campo_clinico`, `rut`, `codigo_programa`) VALUES (\'﻿AARON\', \'VILLALOBOS\', \'AARONVILLALOBOS@postgrado.uv.cl\', \'Especialidad en Pediatria\', \'\', \'7970607\', \'20030182\')', 0)
 2 SYSTEMPATH\Database\BaseConnection.php(691): CodeIgniter\Database\MySQLi\Connection->execute('INSERT INTO `estudiante` (`nombre`, `apellido`, `email`, `nombre_especialidad`, `nombre_campo_clinico`, `rut`, `codigo_programa`) VALUES (\'﻿AARON\', \'VILLALOBOS\', \'AARONVILLALOBOS@postgrado.uv.cl\', \'Especialidad en Pediatria\', \'\', \'7970607\', \'20030182\')')
 3 SYSTEMPATH\Database\BaseConnection.php(605): CodeIgniter\Database\BaseConnection->simpleQuery('INSERT INTO `estudiante` (`nombre`, `apellido`, `email`, `nombre_especialidad`, `nombre_campo_clinico`, `rut`, `codigo_programa`) VALUES (\'﻿AARON\', \'VILLALOBOS\', \'AARONVILLALOBOS@postgrado.uv.cl\', \'Especialidad en Pediatria\', \'\', \'7970607\', \'20030182\')')
 4 SYSTEMPATH\Database\BaseBuilder.php(2309): CodeIgniter\Database\BaseConnection->query('INSERT INTO `estudiante` (`nombre`, `apellido`, `email`, `nombre_especialidad`, `nombre_campo_clinico`, `rut`, `codigo_programa`) VALUES (:nombre:, :apellido:, :email:, :nombre_especialidad:, :nombre_campo_clinico:, :rut:, :codigo_programa:)', [...], false)
 5 APPPATH\Models\Tokens_1219.php(28): CodeIgniter\Database\BaseBuilder->insert([...])
 6 APPPATH\Controllers\Encuesta.php(16): App\Models\Tokens_1219->load_estudiante_csv()
 7 SYSTEMPATH\CodeIgniter.php(906): App\Controllers\Encuesta->__construct()
 8 SYSTEMPATH\CodeIgniter.php(490): CodeIgniter\CodeIgniter->createController()
 9 SYSTEMPATH\CodeIgniter.php(368): CodeIgniter\CodeIgniter->handleRequest(null, Object(Config\Cache), false)
10 FCPATH\index.php(68): CodeIgniter\CodeIgniter->run()
11 SYSTEMPATH\Commands\Server\rewrite.php(47): require_once('C:\\xampp\\htdocs\\Salud\\public\\index.php')
CRITICAL - 2023-04-13 22:59:10 --> Call to undefined function App\Models\load_estudiante_csv()
in APPPATH\Models\Tokens_1219.php on line 10.
 1 SYSTEMPATH\BaseModel.php(335): App\Models\Tokens_1219->initialize()
 2 SYSTEMPATH\Model.php(159): CodeIgniter\BaseModel->__construct(Object(CodeIgniter\Validation\Validation))
 3 SYSTEMPATH\Config\Factories.php(129): CodeIgniter\Model->__construct(Object(CodeIgniter\Database\MySQLi\Connection))
 4 SYSTEMPATH\Config\Factories.php(86): CodeIgniter\Config\Factories::__callStatic('models', [...])
 5 SYSTEMPATH\Common.php(829): CodeIgniter\Config\Factories::models('App\\Models\\Tokens_1219', [...], null)
 6 APPPATH\Controllers\Encuesta.php(13): model('App\\Models\\Tokens_1219')
 7 SYSTEMPATH\CodeIgniter.php(906): App\Controllers\Encuesta->__construct()
 8 SYSTEMPATH\CodeIgniter.php(490): CodeIgniter\CodeIgniter->createController()
 9 SYSTEMPATH\CodeIgniter.php(368): CodeIgniter\CodeIgniter->handleRequest(null, Object(Config\Cache), false)
10 FCPATH\index.php(68): CodeIgniter\CodeIgniter->run()
11 SYSTEMPATH\Commands\Server\rewrite.php(47): require_once('C:\\xampp\\htdocs\\Salud\\public\\index.php')
ERROR - 2023-04-13 22:59:30 --> mysqli_sql_exception: Duplicate entry '7970607' for key 'estudiante.PRIMARY' in C:\xampp\htdocs\Salud\system\Database\MySQLi\Connection.php:295
Stack trace:
#0 C:\xampp\htdocs\Salud\system\Database\MySQLi\Connection.php(295): mysqli->query('INSERT INTO `es...', 0)
#1 C:\xampp\htdocs\Salud\system\Database\BaseConnection.php(691): CodeIgniter\Database\MySQLi\Connection->execute('INSERT INTO `es...')
#2 C:\xampp\htdocs\Salud\system\Database\BaseConnection.php(605): CodeIgniter\Database\BaseConnection->simpleQuery('INSERT INTO `es...')
#3 C:\xampp\htdocs\Salud\system\Database\BaseBuilder.php(2309): CodeIgniter\Database\BaseConnection->query('INSERT INTO `es...', Array, false)
#4 C:\xampp\htdocs\Salud\app\Models\Tokens_1219.php(31): CodeIgniter\Database\BaseBuilder->insert(Array)
#5 C:\xampp\htdocs\Salud\app\Models\Tokens_1219.php(10): App\Models\Tokens_1219->load_estudiante_csv()
#6 C:\xampp\htdocs\Salud\system\BaseModel.php(335): App\Models\Tokens_1219->initialize()
#7 C:\xampp\htdocs\Salud\system\Model.php(159): CodeIgniter\BaseModel->__construct(Object(CodeIgniter\Validation\Validation))
#8 C:\xampp\htdocs\Salud\system\Config\Factories.php(129): CodeIgniter\Model->__construct(Object(CodeIgniter\Database\MySQLi\Connection))
#9 C:\xampp\htdocs\Salud\system\Config\Factories.php(86): CodeIgniter\Config\Factories::__callStatic('models', Array)
#10 C:\xampp\htdocs\Salud\system\Common.php(829): CodeIgniter\Config\Factories::models('App\\Models\\Toke...', Array, NULL)
#11 C:\xampp\htdocs\Salud\app\Controllers\Encuesta.php(13): model('App\\Models\\Toke...')
#12 C:\xampp\htdocs\Salud\system\CodeIgniter.php(906): App\Controllers\Encuesta->__construct()
#13 C:\xampp\htdocs\Salud\system\CodeIgniter.php(490): CodeIgniter\CodeIgniter->createController()
#14 C:\xampp\htdocs\Salud\system\CodeIgniter.php(368): CodeIgniter\CodeIgniter->handleRequest(NULL, Object(Config\Cache), false)
#15 C:\xampp\htdocs\Salud\public\index.php(68): CodeIgniter\CodeIgniter->run()
#16 C:\xampp\htdocs\Salud\system\Commands\Server\rewrite.php(47): require_once('C:\\xampp\\htdocs...')
#17 {main}
CRITICAL - 2023-04-13 22:59:30 --> Duplicate entry '7970607' for key 'estudiante.PRIMARY'
in SYSTEMPATH\Database\MySQLi\Connection.php on line 295.
 1 SYSTEMPATH\Database\MySQLi\Connection.php(295): mysqli->query('INSERT INTO `estudiante` (`nombre`, `apellido`, `email`, `nombre_especialidad`, `nombre_campo_clinico`, `rut`, `codigo_programa`) VALUES (\'﻿AARON\', \'VILLALOBOS\', \'AARONVILLALOBOS@postgrado.uv.cl\', \'Especialidad en Pediatria\', \'\', \'7970607\', \'20030182\')', 0)
 2 SYSTEMPATH\Database\BaseConnection.php(691): CodeIgniter\Database\MySQLi\Connection->execute('INSERT INTO `estudiante` (`nombre`, `apellido`, `email`, `nombre_especialidad`, `nombre_campo_clinico`, `rut`, `codigo_programa`) VALUES (\'﻿AARON\', \'VILLALOBOS\', \'AARONVILLALOBOS@postgrado.uv.cl\', \'Especialidad en Pediatria\', \'\', \'7970607\', \'20030182\')')
 3 SYSTEMPATH\Database\BaseConnection.php(605): CodeIgniter\Database\BaseConnection->simpleQuery('INSERT INTO `estudiante` (`nombre`, `apellido`, `email`, `nombre_especialidad`, `nombre_campo_clinico`, `rut`, `codigo_programa`) VALUES (\'﻿AARON\', \'VILLALOBOS\', \'AARONVILLALOBOS@postgrado.uv.cl\', \'Especialidad en Pediatria\', \'\', \'7970607\', \'20030182\')')
 4 SYSTEMPATH\Database\BaseBuilder.php(2309): CodeIgniter\Database\BaseConnection->query('INSERT INTO `estudiante` (`nombre`, `apellido`, `email`, `nombre_especialidad`, `nombre_campo_clinico`, `rut`, `codigo_programa`) VALUES (:nombre:, :apellido:, :email:, :nombre_especialidad:, :nombre_campo_clinico:, :rut:, :codigo_programa:)', [...], false)
 5 APPPATH\Models\Tokens_1219.php(31): CodeIgniter\Database\BaseBuilder->insert([...])
 6 APPPATH\Models\Tokens_1219.php(10): App\Models\Tokens_1219->load_estudiante_csv()
 7 SYSTEMPATH\BaseModel.php(335): App\Models\Tokens_1219->initialize()
 8 SYSTEMPATH\Model.php(159): CodeIgniter\BaseModel->__construct(Object(CodeIgniter\Validation\Validation))
 9 SYSTEMPATH\Config\Factories.php(129): CodeIgniter\Model->__construct(Object(CodeIgniter\Database\MySQLi\Connection))
10 SYSTEMPATH\Config\Factories.php(86): CodeIgniter\Config\Factories::__callStatic('models', [...])
11 SYSTEMPATH\Common.php(829): CodeIgniter\Config\Factories::models('App\\Models\\Tokens_1219', [...], null)
12 APPPATH\Controllers\Encuesta.php(13): model('App\\Models\\Tokens_1219')
13 SYSTEMPATH\CodeIgniter.php(906): App\Controllers\Encuesta->__construct()
14 SYSTEMPATH\CodeIgniter.php(490): CodeIgniter\CodeIgniter->createController()
15 SYSTEMPATH\CodeIgniter.php(368): CodeIgniter\CodeIgniter->handleRequest(null, Object(Config\Cache), false)
16 FCPATH\index.php(68): CodeIgniter\CodeIgniter->run()
17 SYSTEMPATH\Commands\Server\rewrite.php(47): require_once('C:\\xampp\\htdocs\\Salud\\public\\index.php')
ERROR - 2023-04-13 23:00:01 --> mysqli_sql_exception: Duplicate entry '7970607' for key 'estudiante.PRIMARY' in C:\xampp\htdocs\Salud\system\Database\MySQLi\Connection.php:295
Stack trace:
#0 C:\xampp\htdocs\Salud\system\Database\MySQLi\Connection.php(295): mysqli->query('INSERT INTO `es...', 0)
#1 C:\xampp\htdocs\Salud\system\Database\BaseConnection.php(691): CodeIgniter\Database\MySQLi\Connection->execute('INSERT INTO `es...')
#2 C:\xampp\htdocs\Salud\system\Database\BaseConnection.php(605): CodeIgniter\Database\BaseConnection->simpleQuery('INSERT INTO `es...')
#3 C:\xampp\htdocs\Salud\system\Database\BaseBuilder.php(2309): CodeIgniter\Database\BaseConnection->query('INSERT INTO `es...', Array, false)
#4 C:\xampp\htdocs\Salud\app\Models\Tokens_1219.php(31): CodeIgniter\Database\BaseBuilder->insert(Array)
#5 C:\xampp\htdocs\Salud\app\Models\Tokens_1219.php(10): App\Models\Tokens_1219->load_estudiante_csv()
#6 C:\xampp\htdocs\Salud\system\BaseModel.php(335): App\Models\Tokens_1219->initialize()
#7 C:\xampp\htdocs\Salud\system\Model.php(159): CodeIgniter\BaseModel->__construct(Object(CodeIgniter\Validation\Validation))
#8 C:\xampp\htdocs\Salud\system\Config\Factories.php(129): CodeIgniter\Model->__construct(Object(CodeIgniter\Database\MySQLi\Connection))
#9 C:\xampp\htdocs\Salud\system\Config\Factories.php(86): CodeIgniter\Config\Factories::__callStatic('models', Array)
#10 C:\xampp\htdocs\Salud\system\Common.php(829): CodeIgniter\Config\Factories::models('App\\Models\\Toke...', Array, NULL)
#11 C:\xampp\htdocs\Salud\app\Controllers\Encuesta.php(13): model('App\\Models\\Toke...')
#12 C:\xampp\htdocs\Salud\system\CodeIgniter.php(906): App\Controllers\Encuesta->__construct()
#13 C:\xampp\htdocs\Salud\system\CodeIgniter.php(490): CodeIgniter\CodeIgniter->createController()
#14 C:\xampp\htdocs\Salud\system\CodeIgniter.php(368): CodeIgniter\CodeIgniter->handleRequest(NULL, Object(Config\Cache), false)
#15 C:\xampp\htdocs\Salud\public\index.php(68): CodeIgniter\CodeIgniter->run()
#16 C:\xampp\htdocs\Salud\system\Commands\Server\rewrite.php(47): require_once('C:\\xampp\\htdocs...')
#17 {main}
CRITICAL - 2023-04-13 23:00:01 --> Duplicate entry '7970607' for key 'estudiante.PRIMARY'
in SYSTEMPATH\Database\MySQLi\Connection.php on line 295.
 1 SYSTEMPATH\Database\MySQLi\Connection.php(295): mysqli->query('INSERT INTO `estudiante` (`nombre`, `apellido`, `email`, `nombre_especialidad`, `nombre_campo_clinico`, `rut`, `codigo_programa`) VALUES (\'﻿AARON\', \'VILLALOBOS\', \'AARONVILLALOBOS@postgrado.uv.cl\', \'Especialidad en Pediatria\', \'\', \'7970607\', \'20030182\')', 0)
 2 SYSTEMPATH\Database\BaseConnection.php(691): CodeIgniter\Database\MySQLi\Connection->execute('INSERT INTO `estudiante` (`nombre`, `apellido`, `email`, `nombre_especialidad`, `nombre_campo_clinico`, `rut`, `codigo_programa`) VALUES (\'﻿AARON\', \'VILLALOBOS\', \'AARONVILLALOBOS@postgrado.uv.cl\', \'Especialidad en Pediatria\', \'\', \'7970607\', \'20030182\')')
 3 SYSTEMPATH\Database\BaseConnection.php(605): CodeIgniter\Database\BaseConnection->simpleQuery('INSERT INTO `estudiante` (`nombre`, `apellido`, `email`, `nombre_especialidad`, `nombre_campo_clinico`, `rut`, `codigo_programa`) VALUES (\'﻿AARON\', \'VILLALOBOS\', \'AARONVILLALOBOS@postgrado.uv.cl\', \'Especialidad en Pediatria\', \'\', \'7970607\', \'20030182\')')
 4 SYSTEMPATH\Database\BaseBuilder.php(2309): CodeIgniter\Database\BaseConnection->query('INSERT INTO `estudiante` (`nombre`, `apellido`, `email`, `nombre_especialidad`, `nombre_campo_clinico`, `rut`, `codigo_programa`) VALUES (:nombre:, :apellido:, :email:, :nombre_especialidad:, :nombre_campo_clinico:, :rut:, :codigo_programa:)', [...], false)
 5 APPPATH\Models\Tokens_1219.php(31): CodeIgniter\Database\BaseBuilder->insert([...])
 6 APPPATH\Models\Tokens_1219.php(10): App\Models\Tokens_1219->load_estudiante_csv()
 7 SYSTEMPATH\BaseModel.php(335): App\Models\Tokens_1219->initialize()
 8 SYSTEMPATH\Model.php(159): CodeIgniter\BaseModel->__construct(Object(CodeIgniter\Validation\Validation))
 9 SYSTEMPATH\Config\Factories.php(129): CodeIgniter\Model->__construct(Object(CodeIgniter\Database\MySQLi\Connection))
10 SYSTEMPATH\Config\Factories.php(86): CodeIgniter\Config\Factories::__callStatic('models', [...])
11 SYSTEMPATH\Common.php(829): CodeIgniter\Config\Factories::models('App\\Models\\Tokens_1219', [...], null)
12 APPPATH\Controllers\Encuesta.php(13): model('App\\Models\\Tokens_1219')
13 SYSTEMPATH\CodeIgniter.php(906): App\Controllers\Encuesta->__construct()
14 SYSTEMPATH\CodeIgniter.php(490): CodeIgniter\CodeIgniter->createController()
15 SYSTEMPATH\CodeIgniter.php(368): CodeIgniter\CodeIgniter->handleRequest(null, Object(Config\Cache), false)
16 FCPATH\index.php(68): CodeIgniter\CodeIgniter->run()
17 SYSTEMPATH\Commands\Server\rewrite.php(47): require_once('C:\\xampp\\htdocs\\Salud\\public\\index.php')
ERROR - 2023-04-13 23:08:59 --> mysqli_sql_exception: Duplicate entry '7970607' for key 'estudiante.PRIMARY' in C:\xampp\htdocs\Salud\system\Database\MySQLi\Connection.php:295
Stack trace:
#0 C:\xampp\htdocs\Salud\system\Database\MySQLi\Connection.php(295): mysqli->query('INSERT INTO `es...', 0)
#1 C:\xampp\htdocs\Salud\system\Database\BaseConnection.php(691): CodeIgniter\Database\MySQLi\Connection->execute('INSERT INTO `es...')
#2 C:\xampp\htdocs\Salud\system\Database\BaseConnection.php(605): CodeIgniter\Database\BaseConnection->simpleQuery('INSERT INTO `es...')
#3 C:\xampp\htdocs\Salud\system\Database\BaseBuilder.php(2309): CodeIgniter\Database\BaseConnection->query('INSERT INTO `es...', Array, false)
#4 C:\xampp\htdocs\Salud\app\Models\Tokens_1219.php(29): CodeIgniter\Database\BaseBuilder->insert(Array)
#5 C:\xampp\htdocs\Salud\app\Controllers\Encuesta.php(48): App\Models\Tokens_1219->load_estudiante_csv()
#6 C:\xampp\htdocs\Salud\system\CodeIgniter.php(934): App\Controllers\Encuesta->load_data()
#7 C:\xampp\htdocs\Salud\system\CodeIgniter.php(499): CodeIgniter\CodeIgniter->runController(Object(App\Controllers\Encuesta))
#8 C:\xampp\htdocs\Salud\system\CodeIgniter.php(368): CodeIgniter\CodeIgniter->handleRequest(NULL, Object(Config\Cache), false)
#9 C:\xampp\htdocs\Salud\public\index.php(68): CodeIgniter\CodeIgniter->run()
#10 C:\xampp\htdocs\Salud\system\Commands\Server\rewrite.php(47): require_once('C:\\xampp\\htdocs...')
#11 {main}
CRITICAL - 2023-04-13 23:08:59 --> Duplicate entry '7970607' for key 'estudiante.PRIMARY'
in SYSTEMPATH\Database\MySQLi\Connection.php on line 295.
 1 SYSTEMPATH\Database\MySQLi\Connection.php(295): mysqli->query('INSERT INTO `estudiante` (`nombre`, `apellido`, `email`, `nombre_especialidad`, `nombre_campo_clinico`, `rut`, `codigo_programa`) VALUES (\'﻿AARON\', \'VILLALOBOS\', \'AARONVILLALOBOS@postgrado.uv.cl\', \'Especialidad en Pediatria\', \'\', \'7970607\', \'20030182\')', 0)
 2 SYSTEMPATH\Database\BaseConnection.php(691): CodeIgniter\Database\MySQLi\Connection->execute('INSERT INTO `estudiante` (`nombre`, `apellido`, `email`, `nombre_especialidad`, `nombre_campo_clinico`, `rut`, `codigo_programa`) VALUES (\'﻿AARON\', \'VILLALOBOS\', \'AARONVILLALOBOS@postgrado.uv.cl\', \'Especialidad en Pediatria\', \'\', \'7970607\', \'20030182\')')
 3 SYSTEMPATH\Database\BaseConnection.php(605): CodeIgniter\Database\BaseConnection->simpleQuery('INSERT INTO `estudiante` (`nombre`, `apellido`, `email`, `nombre_especialidad`, `nombre_campo_clinico`, `rut`, `codigo_programa`) VALUES (\'﻿AARON\', \'VILLALOBOS\', \'AARONVILLALOBOS@postgrado.uv.cl\', \'Especialidad en Pediatria\', \'\', \'7970607\', \'20030182\')')
 4 SYSTEMPATH\Database\BaseBuilder.php(2309): CodeIgniter\Database\BaseConnection->query('INSERT INTO `estudiante` (`nombre`, `apellido`, `email`, `nombre_especialidad`, `nombre_campo_clinico`, `rut`, `codigo_programa`) VALUES (:nombre:, :apellido:, :email:, :nombre_especialidad:, :nombre_campo_clinico:, :rut:, :codigo_programa:)', [...], false)
 5 APPPATH\Models\Tokens_1219.php(29): CodeIgniter\Database\BaseBuilder->insert([...])
 6 APPPATH\Controllers\Encuesta.php(48): App\Models\Tokens_1219->load_estudiante_csv()
 7 SYSTEMPATH\CodeIgniter.php(934): App\Controllers\Encuesta->load_data()
 8 SYSTEMPATH\CodeIgniter.php(499): CodeIgniter\CodeIgniter->runController(Object(App\Controllers\Encuesta))
 9 SYSTEMPATH\CodeIgniter.php(368): CodeIgniter\CodeIgniter->handleRequest(null, Object(Config\Cache), false)
10 FCPATH\index.php(68): CodeIgniter\CodeIgniter->run()
11 SYSTEMPATH\Commands\Server\rewrite.php(47): require_once('C:\\xampp\\htdocs\\Salud\\public\\index.php')
ERROR - 2023-04-13 23:10:28 --> mysqli_sql_exception: Duplicate entry '7970607' for key 'estudiante.PRIMARY' in C:\xampp\htdocs\Salud\system\Database\MySQLi\Connection.php:295
Stack trace:
#0 C:\xampp\htdocs\Salud\system\Database\MySQLi\Connection.php(295): mysqli->query('INSERT INTO `es...', 0)
#1 C:\xampp\htdocs\Salud\system\Database\BaseConnection.php(691): CodeIgniter\Database\MySQLi\Connection->execute('INSERT INTO `es...')
#2 C:\xampp\htdocs\Salud\system\Database\BaseConnection.php(605): CodeIgniter\Database\BaseConnection->simpleQuery('INSERT INTO `es...')
#3 C:\xampp\htdocs\Salud\system\Database\BaseBuilder.php(2309): CodeIgniter\Database\BaseConnection->query('INSERT INTO `es...', Array, false)
#4 C:\xampp\htdocs\Salud\app\Models\Tokens_1219.php(29): CodeIgniter\Database\BaseBuilder->insert(Array)
#5 C:\xampp\htdocs\Salud\app\Controllers\Encuesta.php(48): App\Models\Tokens_1219->load_estudiante_csv()
#6 C:\xampp\htdocs\Salud\system\CodeIgniter.php(934): App\Controllers\Encuesta->load_data()
#7 C:\xampp\htdocs\Salud\system\CodeIgniter.php(499): CodeIgniter\CodeIgniter->runController(Object(App\Controllers\Encuesta))
#8 C:\xampp\htdocs\Salud\system\CodeIgniter.php(368): CodeIgniter\CodeIgniter->handleRequest(NULL, Object(Config\Cache), false)
#9 C:\xampp\htdocs\Salud\public\index.php(68): CodeIgniter\CodeIgniter->run()
#10 C:\xampp\htdocs\Salud\system\Commands\Server\rewrite.php(47): require_once('C:\\xampp\\htdocs...')
#11 {main}
CRITICAL - 2023-04-13 23:10:28 --> Duplicate entry '7970607' for key 'estudiante.PRIMARY'
in SYSTEMPATH\Database\MySQLi\Connection.php on line 295.
 1 SYSTEMPATH\Database\MySQLi\Connection.php(295): mysqli->query('INSERT INTO `estudiante` (`nombre`, `apellido`, `email`, `nombre_especialidad`, `nombre_campo_clinico`, `rut`, `codigo_programa`) VALUES (\'﻿AARON\', \'VILLALOBOS\', \'AARONVILLALOBOS@postgrado.uv.cl\', \'Especialidad en Pediatria\', \'\', \'7970607\', \'20030182\')', 0)
 2 SYSTEMPATH\Database\BaseConnection.php(691): CodeIgniter\Database\MySQLi\Connection->execute('INSERT INTO `estudiante` (`nombre`, `apellido`, `email`, `nombre_especialidad`, `nombre_campo_clinico`, `rut`, `codigo_programa`) VALUES (\'﻿AARON\', \'VILLALOBOS\', \'AARONVILLALOBOS@postgrado.uv.cl\', \'Especialidad en Pediatria\', \'\', \'7970607\', \'20030182\')')
 3 SYSTEMPATH\Database\BaseConnection.php(605): CodeIgniter\Database\BaseConnection->simpleQuery('INSERT INTO `estudiante` (`nombre`, `apellido`, `email`, `nombre_especialidad`, `nombre_campo_clinico`, `rut`, `codigo_programa`) VALUES (\'﻿AARON\', \'VILLALOBOS\', \'AARONVILLALOBOS@postgrado.uv.cl\', \'Especialidad en Pediatria\', \'\', \'7970607\', \'20030182\')')
 4 SYSTEMPATH\Database\BaseBuilder.php(2309): CodeIgniter\Database\BaseConnection->query('INSERT INTO `estudiante` (`nombre`, `apellido`, `email`, `nombre_especialidad`, `nombre_campo_clinico`, `rut`, `codigo_programa`) VALUES (:nombre:, :apellido:, :email:, :nombre_especialidad:, :nombre_campo_clinico:, :rut:, :codigo_programa:)', [...], false)
 5 APPPATH\Models\Tokens_1219.php(29): CodeIgniter\Database\BaseBuilder->insert([...])
 6 APPPATH\Controllers\Encuesta.php(48): App\Models\Tokens_1219->load_estudiante_csv()
 7 SYSTEMPATH\CodeIgniter.php(934): App\Controllers\Encuesta->load_data()
 8 SYSTEMPATH\CodeIgniter.php(499): CodeIgniter\CodeIgniter->runController(Object(App\Controllers\Encuesta))
 9 SYSTEMPATH\CodeIgniter.php(368): CodeIgniter\CodeIgniter->handleRequest(null, Object(Config\Cache), false)
10 FCPATH\index.php(68): CodeIgniter\CodeIgniter->run()
11 SYSTEMPATH\Commands\Server\rewrite.php(47): require_once('C:\\xampp\\htdocs\\Salud\\public\\index.php')
CRITICAL - 2023-04-13 23:22:19 --> count(): Argument #1 ($value) must be of type Countable|array, bool given
in APPPATH\Models\Tokens_1219.php on line 19.
 1 APPPATH\Models\Tokens_1219.php(19): count(false)
 2 APPPATH\Controllers\Encuesta.php(48): App\Models\Tokens_1219->load_estudiante_csv()
 3 SYSTEMPATH\CodeIgniter.php(934): App\Controllers\Encuesta->load_data()
 4 SYSTEMPATH\CodeIgniter.php(499): CodeIgniter\CodeIgniter->runController(Object(App\Controllers\Encuesta))
 5 SYSTEMPATH\CodeIgniter.php(368): CodeIgniter\CodeIgniter->handleRequest(null, Object(Config\Cache), false)
 6 FCPATH\index.php(68): CodeIgniter\CodeIgniter->run()
 7 SYSTEMPATH\Commands\Server\rewrite.php(47): require_once('C:\\xampp\\htdocs\\Salud\\public\\index.php')
CRITICAL - 2023-04-13 23:22:49 --> count(): Argument #1 ($value) must be of type Countable|array, bool given
in APPPATH\Models\Tokens_1219.php on line 19.
 1 APPPATH\Models\Tokens_1219.php(19): count(false)
 2 APPPATH\Controllers\Encuesta.php(48): App\Models\Tokens_1219->load_estudiante_csv()
 3 SYSTEMPATH\CodeIgniter.php(934): App\Controllers\Encuesta->load_data()
 4 SYSTEMPATH\CodeIgniter.php(499): CodeIgniter\CodeIgniter->runController(Object(App\Controllers\Encuesta))
 5 SYSTEMPATH\CodeIgniter.php(368): CodeIgniter\CodeIgniter->handleRequest(null, Object(Config\Cache), false)
 6 FCPATH\index.php(68): CodeIgniter\CodeIgniter->run()
 7 SYSTEMPATH\Commands\Server\rewrite.php(47): require_once('C:\\xampp\\htdocs\\Salud\\public\\index.php')
CRITICAL - 2023-04-13 23:23:36 --> count(): Argument #1 ($value) must be of type Countable|array, int given
in APPPATH\Models\Tokens_1219.php on line 19.
 1 APPPATH\Models\Tokens_1219.php(19): count(0)
 2 APPPATH\Controllers\Encuesta.php(48): App\Models\Tokens_1219->load_estudiante_csv()
 3 SYSTEMPATH\CodeIgniter.php(934): App\Controllers\Encuesta->load_data()
 4 SYSTEMPATH\CodeIgniter.php(499): CodeIgniter\CodeIgniter->runController(Object(App\Controllers\Encuesta))
 5 SYSTEMPATH\CodeIgniter.php(368): CodeIgniter\CodeIgniter->handleRequest(null, Object(Config\Cache), false)
 6 FCPATH\index.php(68): CodeIgniter\CodeIgniter->run()
 7 SYSTEMPATH\Commands\Server\rewrite.php(47): require_once('C:\\xampp\\htdocs\\Salud\\public\\index.php')
ERROR - 2023-04-13 23:51:24 --> mysqli_sql_exception: Unknown column 'codigo_asig' in 'where clause' in C:\xampp\htdocs\Salud\system\Database\MySQLi\Connection.php:295
Stack trace:
#0 C:\xampp\htdocs\Salud\system\Database\MySQLi\Connection.php(295): mysqli->query('SELECT *\nFROM `...', 0)
#1 C:\xampp\htdocs\Salud\system\Database\BaseConnection.php(691): CodeIgniter\Database\MySQLi\Connection->execute('SELECT *\nFROM `...')
#2 C:\xampp\htdocs\Salud\system\Database\BaseConnection.php(605): CodeIgniter\Database\BaseConnection->simpleQuery('SELECT *\nFROM `...')
#3 C:\xampp\htdocs\Salud\system\Database\BaseBuilder.php(1616): CodeIgniter\Database\BaseConnection->query('SELECT *\nFROM `...', Array, false)
#4 C:\xampp\htdocs\Salud\app\Models\Tokens_1219.php(85): CodeIgniter\Database\BaseBuilder->get()
#5 C:\xampp\htdocs\Salud\app\Models\Tokens_1219.php(19): App\Models\Tokens_1219->getAsig('\xEF\xBB\xBFEMPD101')
#6 C:\xampp\htdocs\Salud\app\Controllers\Encuesta.php(48): App\Models\Tokens_1219->load_carrera_csv()
#7 C:\xampp\htdocs\Salud\system\CodeIgniter.php(934): App\Controllers\Encuesta->load_data()
#8 C:\xampp\htdocs\Salud\system\CodeIgniter.php(499): CodeIgniter\CodeIgniter->runController(Object(App\Controllers\Encuesta))
#9 C:\xampp\htdocs\Salud\system\CodeIgniter.php(368): CodeIgniter\CodeIgniter->handleRequest(NULL, Object(Config\Cache), false)
#10 C:\xampp\htdocs\Salud\public\index.php(68): CodeIgniter\CodeIgniter->run()
#11 C:\xampp\htdocs\Salud\system\Commands\Server\rewrite.php(47): require_once('C:\\xampp\\htdocs...')
#12 {main}
CRITICAL - 2023-04-13 23:51:24 --> Unknown column 'codigo_asig' in 'where clause'
in SYSTEMPATH\Database\MySQLi\Connection.php on line 295.
 1 SYSTEMPATH\Database\MySQLi\Connection.php(295): mysqli->query('SELECT *
FROM `estudiante`
WHERE `codigo_asig` = \'﻿EMPD101\'', 0)
 2 SYSTEMPATH\Database\BaseConnection.php(691): CodeIgniter\Database\MySQLi\Connection->execute('SELECT *
FROM `estudiante`
WHERE `codigo_asig` = \'﻿EMPD101\'')
 3 SYSTEMPATH\Database\BaseConnection.php(605): CodeIgniter\Database\BaseConnection->simpleQuery('SELECT *
FROM `estudiante`
WHERE `codigo_asig` = \'﻿EMPD101\'')
 4 SYSTEMPATH\Database\BaseBuilder.php(1616): CodeIgniter\Database\BaseConnection->query('SELECT *
FROM `estudiante`
WHERE `codigo_asig` = :codigo_asig:', [...], false)
 5 APPPATH\Models\Tokens_1219.php(85): CodeIgniter\Database\BaseBuilder->get()
 6 APPPATH\Models\Tokens_1219.php(19): App\Models\Tokens_1219->getAsig('﻿EMPD101')
 7 APPPATH\Controllers\Encuesta.php(48): App\Models\Tokens_1219->load_carrera_csv()
 8 SYSTEMPATH\CodeIgniter.php(934): App\Controllers\Encuesta->load_data()
 9 SYSTEMPATH\CodeIgniter.php(499): CodeIgniter\CodeIgniter->runController(Object(App\Controllers\Encuesta))
10 SYSTEMPATH\CodeIgniter.php(368): CodeIgniter\CodeIgniter->handleRequest(null, Object(Config\Cache), false)
11 FCPATH\index.php(68): CodeIgniter\CodeIgniter->run()
12 SYSTEMPATH\Commands\Server\rewrite.php(47): require_once('C:\\xampp\\htdocs\\Salud\\public\\index.php')
