CRITICAL - 2023-04-23 16:35:43 --> fopen(D:/php/carga php piloto V5_anestesiología - carga programas.csv): Failed to open stream: No such file or directory
in APPPATH\Models\Tokens_1219.php on line 10.
 1 [internal function]: CodeIgniter\Debug\Exceptions->errorHandler(2, 'fopen(D:/php/carga php piloto V5_anestesiología - carga programas.csv): Failed to open stream: No such file or directory', 'C:\\xampp\\htdocs\\Salud\\app\\Models\\Tokens_1219.php', 10)
 2 APPPATH\Models\Tokens_1219.php(10): fopen('D:/php/carga php piloto V5_anestesiología - carga programas.csv', 'r')
 3 APPPATH\Controllers\Encuesta.php(47): App\Models\Tokens_1219->load_carrera_csv()
 4 SYSTEMPATH\CodeIgniter.php(934): App\Controllers\Encuesta->load_data()
 5 SYSTEMPATH\CodeIgniter.php(499): CodeIgniter\CodeIgniter->runController(Object(App\Controllers\Encuesta))
 6 SYSTEMPATH\CodeIgniter.php(368): CodeIgniter\CodeIgniter->handleRequest(null, Object(Config\Cache), false)
 7 FCPATH\index.php(68): CodeIgniter\CodeIgniter->run()
 8 SYSTEMPATH\Commands\Server\rewrite.php(47): require_once('C:\\xampp\\htdocs\\Salud\\public\\index.php')
CRITICAL - 2023-04-23 16:35:45 --> fopen(D:/php/carga php piloto V5_anestesiología - carga programas.csv): Failed to open stream: No such file or directory
in APPPATH\Models\Tokens_1219.php on line 10.
 1 [internal function]: CodeIgniter\Debug\Exceptions->errorHandler(2, 'fopen(D:/php/carga php piloto V5_anestesiología - carga programas.csv): Failed to open stream: No such file or directory', 'C:\\xampp\\htdocs\\Salud\\app\\Models\\Tokens_1219.php', 10)
 2 APPPATH\Models\Tokens_1219.php(10): fopen('D:/php/carga php piloto V5_anestesiología - carga programas.csv', 'r')
 3 APPPATH\Controllers\Encuesta.php(47): App\Models\Tokens_1219->load_carrera_csv()
 4 SYSTEMPATH\CodeIgniter.php(934): App\Controllers\Encuesta->load_data()
 5 SYSTEMPATH\CodeIgniter.php(499): CodeIgniter\CodeIgniter->runController(Object(App\Controllers\Encuesta))
 6 SYSTEMPATH\CodeIgniter.php(368): CodeIgniter\CodeIgniter->handleRequest(null, Object(Config\Cache), false)
 7 FCPATH\index.php(68): CodeIgniter\CodeIgniter->run()
 8 SYSTEMPATH\Commands\Server\rewrite.php(47): require_once('C:\\xampp\\htdocs\\Salud\\public\\index.php')
CRITICAL - 2023-04-23 16:37:07 --> Undefined array key 7
in APPPATH\Models\Tokens_1219.php on line 51.
 1 APPPATH\Models\Tokens_1219.php(51): CodeIgniter\Debug\Exceptions->errorHandler(2, 'Undefined array key 7', 'C:\\xampp\\htdocs\\Salud\\app\\Models\\Tokens_1219.php', 51)
 2 APPPATH\Controllers\Encuesta.php(48): App\Models\Tokens_1219->load_estudiante_csv()
 3 SYSTEMPATH\CodeIgniter.php(934): App\Controllers\Encuesta->load_data()
 4 SYSTEMPATH\CodeIgniter.php(499): CodeIgniter\CodeIgniter->runController(Object(App\Controllers\Encuesta))
 5 SYSTEMPATH\CodeIgniter.php(368): CodeIgniter\CodeIgniter->handleRequest(null, Object(Config\Cache), false)
 6 FCPATH\index.php(68): CodeIgniter\CodeIgniter->run()
 7 SYSTEMPATH\Commands\Server\rewrite.php(47): require_once('C:\\xampp\\htdocs\\Salud\\public\\index.php')
ERROR - 2023-04-23 16:43:33 --> mysqli_sql_exception: Cannot add or update a child row: a foreign key constraint fails (`encuestadocpostgrado_joomla3`.`estudiante_carrera`, CONSTRAINT `estudiante_carrera_ibfk_1` FOREIGN KEY (`codigo_asig`) REFERENCES `carrera` (`codigo_asig`)) in C:\xampp\htdocs\Salud\system\Database\MySQLi\Connection.php:295
Stack trace:
#0 C:\xampp\htdocs\Salud\system\Database\MySQLi\Connection.php(295): mysqli->query('INSERT INTO `es...', 0)
#1 C:\xampp\htdocs\Salud\system\Database\BaseConnection.php(691): CodeIgniter\Database\MySQLi\Connection->execute('INSERT INTO `es...')
#2 C:\xampp\htdocs\Salud\system\Database\BaseConnection.php(605): CodeIgniter\Database\BaseConnection->simpleQuery('INSERT INTO `es...')
#3 C:\xampp\htdocs\Salud\system\Database\BaseBuilder.php(2309): CodeIgniter\Database\BaseConnection->query('INSERT INTO `es...', Array, false)
#4 C:\xampp\htdocs\Salud\app\Models\Tokens_1219.php(55): CodeIgniter\Database\BaseBuilder->insert(Array)
#5 C:\xampp\htdocs\Salud\app\Controllers\Encuesta.php(48): App\Models\Tokens_1219->load_estudiante_csv()
#6 C:\xampp\htdocs\Salud\system\CodeIgniter.php(934): App\Controllers\Encuesta->load_data()
#7 C:\xampp\htdocs\Salud\system\CodeIgniter.php(499): CodeIgniter\CodeIgniter->runController(Object(App\Controllers\Encuesta))
#8 C:\xampp\htdocs\Salud\system\CodeIgniter.php(368): CodeIgniter\CodeIgniter->handleRequest(NULL, Object(Config\Cache), false)
#9 C:\xampp\htdocs\Salud\public\index.php(68): CodeIgniter\CodeIgniter->run()
#10 C:\xampp\htdocs\Salud\system\Commands\Server\rewrite.php(47): require_once('C:\\xampp\\htdocs...')
#11 {main}
CRITICAL - 2023-04-23 16:43:33 --> Cannot add or update a child row: a foreign key constraint fails (`encuestadocpostgrado_joomla3`.`estudiante_carrera`, CONSTRAINT `estudiante_carrera_ibfk_1` FOREIGN KEY (`codigo_asig`) REFERENCES `carrera` (`codigo_asig`))
in SYSTEMPATH\Database\MySQLi\Connection.php on line 295.
 1 SYSTEMPATH\Database\MySQLi\Connection.php(295): mysqli->query('INSERT INTO `estudiante_carrera` (`codigo_asig`, `rut`) VALUES (\'EMAR128\', \'18577588\')', 0)
 2 SYSTEMPATH\Database\BaseConnection.php(691): CodeIgniter\Database\MySQLi\Connection->execute('INSERT INTO `estudiante_carrera` (`codigo_asig`, `rut`) VALUES (\'EMAR128\', \'18577588\')')
 3 SYSTEMPATH\Database\BaseConnection.php(605): CodeIgniter\Database\BaseConnection->simpleQuery('INSERT INTO `estudiante_carrera` (`codigo_asig`, `rut`) VALUES (\'EMAR128\', \'18577588\')')
 4 SYSTEMPATH\Database\BaseBuilder.php(2309): CodeIgniter\Database\BaseConnection->query('INSERT INTO `estudiante_carrera` (`codigo_asig`, `rut`) VALUES (:codigo_asig:, :rut:)', [...], false)
 5 APPPATH\Models\Tokens_1219.php(55): CodeIgniter\Database\BaseBuilder->insert([...])
 6 APPPATH\Controllers\Encuesta.php(48): App\Models\Tokens_1219->load_estudiante_csv()
 7 SYSTEMPATH\CodeIgniter.php(934): App\Controllers\Encuesta->load_data()
 8 SYSTEMPATH\CodeIgniter.php(499): CodeIgniter\CodeIgniter->runController(Object(App\Controllers\Encuesta))
 9 SYSTEMPATH\CodeIgniter.php(368): CodeIgniter\CodeIgniter->handleRequest(null, Object(Config\Cache), false)
10 FCPATH\index.php(68): CodeIgniter\CodeIgniter->run()
11 SYSTEMPATH\Commands\Server\rewrite.php(47): require_once('C:\\xampp\\htdocs\\Salud\\public\\index.php')
CRITICAL - 2023-04-23 17:18:29 --> preg_replace(): Compilation failed: missing terminating ] for character class at offset 17
in APPPATH\Models\Tokens_1219.php on line 19.
 1 [internal function]: CodeIgniter\Debug\Exceptions->errorHandler(2, 'preg_replace(): Compilation failed: missing terminating ] for character class at offset 17', 'C:\\xampp\\htdocs\\Salud\\app\\Models\\Tokens_1219.php', 19)
 2 APPPATH\Models\Tokens_1219.php(19): preg_replace('([^A-Za-z0-9 \\._\\])', '', '﻿EMAR101')
 3 APPPATH\Controllers\Encuesta.php(47): App\Models\Tokens_1219->load_carrera_csv()
 4 SYSTEMPATH\CodeIgniter.php(934): App\Controllers\Encuesta->load_data()
 5 SYSTEMPATH\CodeIgniter.php(499): CodeIgniter\CodeIgniter->runController(Object(App\Controllers\Encuesta))
 6 SYSTEMPATH\CodeIgniter.php(368): CodeIgniter\CodeIgniter->handleRequest(null, Object(Config\Cache), false)
 7 FCPATH\index.php(68): CodeIgniter\CodeIgniter->run()
 8 SYSTEMPATH\Commands\Server\rewrite.php(47): require_once('C:\\xampp\\htdocs\\Salud\\public\\index.php')
