CRITICAL - 2023-03-26 22:27:55 --> Class "CI_Controller" not found
in APPPATH\Controllers\Encuesta.php on line 5.
 1 SYSTEMPATH\Autoloader\Autoloader.php(312): include_once()
 2 SYSTEMPATH\Autoloader\Autoloader.php(289): CodeIgniter\Autoloader\Autoloader->includeFile('C:\\xampp\\htdocs\\CFI4\\app\\Controllers\\Encuesta.php')
 3 SYSTEMPATH\Autoloader\Autoloader.php(267): CodeIgniter\Autoloader\Autoloader->loadInNamespace('App\\Controllers\\Encuesta')
 4 [internal function]: CodeIgniter\Autoloader\Autoloader->loadClass('App\\Controllers\\Encuesta')
 5 SYSTEMPATH\CodeIgniter.php(892): class_exists('\\App\\Controllers\\Encuesta', true)
 6 SYSTEMPATH\CodeIgniter.php(486): CodeIgniter\CodeIgniter->startController()
 7 SYSTEMPATH\CodeIgniter.php(368): CodeIgniter\CodeIgniter->handleRequest(null, Object(Config\Cache), false)
 8 FCPATH\index.php(67): CodeIgniter\CodeIgniter->run()
 9 SYSTEMPATH\Commands\Server\rewrite.php(47): require_once('C:\\xampp\\htdocs\\CFI4\\public\\index.php')
CRITICAL - 2023-03-26 22:29:50 --> Class "BaseController" not found
in APPPATH\Controllers\Encuesta.php on line 5.
 1 SYSTEMPATH\Autoloader\Autoloader.php(312): include_once()
 2 SYSTEMPATH\Autoloader\Autoloader.php(289): CodeIgniter\Autoloader\Autoloader->includeFile('C:\\xampp\\htdocs\\CFI4\\app\\Controllers\\Encuesta.php')
 3 SYSTEMPATH\Autoloader\Autoloader.php(267): CodeIgniter\Autoloader\Autoloader->loadInNamespace('App\\Controllers\\Encuesta')
 4 [internal function]: CodeIgniter\Autoloader\Autoloader->loadClass('App\\Controllers\\Encuesta')
 5 SYSTEMPATH\CodeIgniter.php(892): class_exists('\\App\\Controllers\\Encuesta', true)
 6 SYSTEMPATH\CodeIgniter.php(486): CodeIgniter\CodeIgniter->startController()
 7 SYSTEMPATH\CodeIgniter.php(368): CodeIgniter\CodeIgniter->handleRequest(null, Object(Config\Cache), false)
 8 FCPATH\index.php(67): CodeIgniter\CodeIgniter->run()
 9 SYSTEMPATH\Commands\Server\rewrite.php(47): require_once('C:\\xampp\\htdocs\\CFI4\\public\\index.php')
CRITICAL - 2023-03-26 22:30:55 --> Class "BaseController" not found
in APPPATH\Controllers\Encuesta.php on line 5.
 1 SYSTEMPATH\Autoloader\Autoloader.php(312): include_once()
 2 SYSTEMPATH\Autoloader\Autoloader.php(289): CodeIgniter\Autoloader\Autoloader->includeFile('C:\\xampp\\htdocs\\CFI4\\app\\Controllers\\Encuesta.php')
 3 SYSTEMPATH\Autoloader\Autoloader.php(267): CodeIgniter\Autoloader\Autoloader->loadInNamespace('App\\Controllers\\Encuesta')
 4 [internal function]: CodeIgniter\Autoloader\Autoloader->loadClass('App\\Controllers\\Encuesta')
 5 SYSTEMPATH\CodeIgniter.php(892): class_exists('\\App\\Controllers\\Encuesta', true)
 6 SYSTEMPATH\CodeIgniter.php(486): CodeIgniter\CodeIgniter->startController()
 7 SYSTEMPATH\CodeIgniter.php(368): CodeIgniter\CodeIgniter->handleRequest(null, Object(Config\Cache), false)
 8 FCPATH\index.php(67): CodeIgniter\CodeIgniter->run()
 9 SYSTEMPATH\Commands\Server\rewrite.php(47): require_once('C:\\xampp\\htdocs\\CFI4\\public\\index.php')
CRITICAL - 2023-03-26 22:31:40 --> Class "BaseController" not found
in APPPATH\Controllers\Encuesta.php on line 5.
 1 SYSTEMPATH\Autoloader\Autoloader.php(312): include_once()
 2 SYSTEMPATH\Autoloader\Autoloader.php(289): CodeIgniter\Autoloader\Autoloader->includeFile('C:\\xampp\\htdocs\\CFI4\\app\\Controllers\\Encuesta.php')
 3 SYSTEMPATH\Autoloader\Autoloader.php(267): CodeIgniter\Autoloader\Autoloader->loadInNamespace('App\\Controllers\\Encuesta')
 4 [internal function]: CodeIgniter\Autoloader\Autoloader->loadClass('App\\Controllers\\Encuesta')
 5 SYSTEMPATH\CodeIgniter.php(892): class_exists('\\App\\Controllers\\Encuesta', true)
 6 SYSTEMPATH\CodeIgniter.php(486): CodeIgniter\CodeIgniter->startController()
 7 SYSTEMPATH\CodeIgniter.php(368): CodeIgniter\CodeIgniter->handleRequest(null, Object(Config\Cache), false)
 8 FCPATH\index.php(67): CodeIgniter\CodeIgniter->run()
 9 SYSTEMPATH\Commands\Server\rewrite.php(47): require_once('C:\\xampp\\htdocs\\CFI4\\public\\index.php')
CRITICAL - 2023-03-26 22:31:52 --> Class "BaseController" not found
in APPPATH\Controllers\Encuesta.php on line 5.
 1 SYSTEMPATH\Autoloader\Autoloader.php(312): include_once()
 2 SYSTEMPATH\Autoloader\Autoloader.php(289): CodeIgniter\Autoloader\Autoloader->includeFile('C:\\xampp\\htdocs\\CFI4\\app\\Controllers\\Encuesta.php')
 3 SYSTEMPATH\Autoloader\Autoloader.php(267): CodeIgniter\Autoloader\Autoloader->loadInNamespace('App\\Controllers\\Encuesta')
 4 [internal function]: CodeIgniter\Autoloader\Autoloader->loadClass('App\\Controllers\\Encuesta')
 5 SYSTEMPATH\CodeIgniter.php(892): class_exists('\\App\\Controllers\\Encuesta', true)
 6 SYSTEMPATH\CodeIgniter.php(486): CodeIgniter\CodeIgniter->startController()
 7 SYSTEMPATH\CodeIgniter.php(368): CodeIgniter\CodeIgniter->handleRequest(null, Object(Config\Cache), false)
 8 FCPATH\index.php(67): CodeIgniter\CodeIgniter->run()
 9 SYSTEMPATH\Commands\Server\rewrite.php(47): require_once('C:\\xampp\\htdocs\\CFI4\\public\\index.php')
CRITICAL - 2023-03-26 22:33:05 --> Call to undefined function form_open()
in APPPATH\Views\bienvenido.php on line 65.
 1 SYSTEMPATH\View\View.php(213): include()
 2 SYSTEMPATH\View\View.php(216): CodeIgniter\View\View->CodeIgniter\View\{closure}()
 3 SYSTEMPATH\Common.php(1184): CodeIgniter\View\View->render('bienvenido.php', [], true)
 4 APPPATH\Controllers\Encuesta.php(18): view('bienvenido.php')
 5 SYSTEMPATH\CodeIgniter.php(934): App\Controllers\Encuesta->index()
 6 SYSTEMPATH\CodeIgniter.php(499): CodeIgniter\CodeIgniter->runController(Object(App\Controllers\Encuesta))
 7 SYSTEMPATH\CodeIgniter.php(368): CodeIgniter\CodeIgniter->handleRequest(null, Object(Config\Cache), false)
 8 FCPATH\index.php(67): CodeIgniter\CodeIgniter->run()
 9 SYSTEMPATH\Commands\Server\rewrite.php(47): require_once('C:\\xampp\\htdocs\\CFI4\\public\\index.php')
CRITICAL - 2023-03-26 22:33:55 --> Call to undefined function form_open()
in APPPATH\Views\bienvenido.php on line 65.
 1 SYSTEMPATH\View\View.php(213): include()
 2 SYSTEMPATH\View\View.php(216): CodeIgniter\View\View->CodeIgniter\View\{closure}()
 3 SYSTEMPATH\Common.php(1184): CodeIgniter\View\View->render('bienvenido.php', [], true)
 4 APPPATH\Controllers\Encuesta.php(18): view('bienvenido.php')
 5 SYSTEMPATH\CodeIgniter.php(934): App\Controllers\Encuesta->index()
 6 SYSTEMPATH\CodeIgniter.php(499): CodeIgniter\CodeIgniter->runController(Object(App\Controllers\Encuesta))
 7 SYSTEMPATH\CodeIgniter.php(368): CodeIgniter\CodeIgniter->handleRequest(null, Object(Config\Cache), false)
 8 FCPATH\index.php(67): CodeIgniter\CodeIgniter->run()
 9 SYSTEMPATH\Commands\Server\rewrite.php(47): require_once('C:\\xampp\\htdocs\\CFI4\\public\\index.php')
CRITICAL - 2023-03-26 22:33:56 --> Call to undefined function form_open()
in APPPATH\Views\bienvenido.php on line 65.
 1 SYSTEMPATH\View\View.php(213): include()
 2 SYSTEMPATH\View\View.php(216): CodeIgniter\View\View->CodeIgniter\View\{closure}()
 3 SYSTEMPATH\Common.php(1184): CodeIgniter\View\View->render('bienvenido.php', [], true)
 4 APPPATH\Controllers\Encuesta.php(18): view('bienvenido.php')
 5 SYSTEMPATH\CodeIgniter.php(934): App\Controllers\Encuesta->index()
 6 SYSTEMPATH\CodeIgniter.php(499): CodeIgniter\CodeIgniter->runController(Object(App\Controllers\Encuesta))
 7 SYSTEMPATH\CodeIgniter.php(368): CodeIgniter\CodeIgniter->handleRequest(null, Object(Config\Cache), false)
 8 FCPATH\index.php(67): CodeIgniter\CodeIgniter->run()
 9 SYSTEMPATH\Commands\Server\rewrite.php(47): require_once('C:\\xampp\\htdocs\\CFI4\\public\\index.php')
CRITICAL - 2023-03-26 22:36:36 --> Call to undefined function form_open()
in APPPATH\Views\bienvenido.php on line 65.
 1 SYSTEMPATH\View\View.php(213): include()
 2 SYSTEMPATH\View\View.php(216): CodeIgniter\View\View->CodeIgniter\View\{closure}()
 3 SYSTEMPATH\Common.php(1184): CodeIgniter\View\View->render('bienvenido.php', [], true)
 4 APPPATH\Controllers\Encuesta.php(18): view('bienvenido.php')
 5 SYSTEMPATH\CodeIgniter.php(934): App\Controllers\Encuesta->index()
 6 SYSTEMPATH\CodeIgniter.php(499): CodeIgniter\CodeIgniter->runController(Object(App\Controllers\Encuesta))
 7 SYSTEMPATH\CodeIgniter.php(368): CodeIgniter\CodeIgniter->handleRequest(null, Object(Config\Cache), false)
 8 FCPATH\index.php(67): CodeIgniter\CodeIgniter->run()
 9 SYSTEMPATH\Commands\Server\rewrite.php(47): require_once('C:\\xampp\\htdocs\\CFI4\\public\\index.php')
CRITICAL - 2023-03-26 22:37:02 --> Call to undefined function form_open()
in APPPATH\Views\bienvenido.php on line 65.
 1 SYSTEMPATH\View\View.php(213): include()
 2 SYSTEMPATH\View\View.php(216): CodeIgniter\View\View->CodeIgniter\View\{closure}()
 3 SYSTEMPATH\Common.php(1184): CodeIgniter\View\View->render('bienvenido.php', [], true)
 4 APPPATH\Controllers\Encuesta.php(18): view('bienvenido.php')
 5 SYSTEMPATH\CodeIgniter.php(934): App\Controllers\Encuesta->index()
 6 SYSTEMPATH\CodeIgniter.php(499): CodeIgniter\CodeIgniter->runController(Object(App\Controllers\Encuesta))
 7 SYSTEMPATH\CodeIgniter.php(368): CodeIgniter\CodeIgniter->handleRequest(null, Object(Config\Cache), false)
 8 FCPATH\index.php(67): CodeIgniter\CodeIgniter->run()
 9 SYSTEMPATH\Commands\Server\rewrite.php(47): require_once('C:\\xampp\\htdocs\\CFI4\\public\\index.php')
CRITICAL - 2023-03-26 22:38:19 --> Call to undefined function form_open()
in APPPATH\Views\bienvenido.php on line 65.
 1 SYSTEMPATH\View\View.php(213): include()
 2 SYSTEMPATH\View\View.php(216): CodeIgniter\View\View->CodeIgniter\View\{closure}()
 3 SYSTEMPATH\Common.php(1184): CodeIgniter\View\View->render('bienvenido.php', [], true)
 4 APPPATH\Controllers\Encuesta.php(18): view('bienvenido.php')
 5 SYSTEMPATH\CodeIgniter.php(934): App\Controllers\Encuesta->index()
 6 SYSTEMPATH\CodeIgniter.php(499): CodeIgniter\CodeIgniter->runController(Object(App\Controllers\Encuesta))
 7 SYSTEMPATH\CodeIgniter.php(368): CodeIgniter\CodeIgniter->handleRequest(null, Object(Config\Cache), false)
 8 FCPATH\index.php(67): CodeIgniter\CodeIgniter->run()
 9 SYSTEMPATH\Commands\Server\rewrite.php(47): require_once('C:\\xampp\\htdocs\\CFI4\\public\\index.php')
CRITICAL - 2023-03-26 22:38:30 --> Call to undefined function form_open()
in APPPATH\Views\bienvenido.php on line 65.
 1 SYSTEMPATH\View\View.php(213): include()
 2 SYSTEMPATH\View\View.php(216): CodeIgniter\View\View->CodeIgniter\View\{closure}()
 3 SYSTEMPATH\Common.php(1184): CodeIgniter\View\View->render('bienvenido.php', [], true)
 4 APPPATH\Controllers\Encuesta.php(18): view('bienvenido.php')
 5 SYSTEMPATH\CodeIgniter.php(934): App\Controllers\Encuesta->index()
 6 SYSTEMPATH\CodeIgniter.php(499): CodeIgniter\CodeIgniter->runController(Object(App\Controllers\Encuesta))
 7 SYSTEMPATH\CodeIgniter.php(368): CodeIgniter\CodeIgniter->handleRequest(null, Object(Config\Cache), false)
 8 FCPATH\index.php(67): CodeIgniter\CodeIgniter->run()
 9 SYSTEMPATH\Commands\Server\rewrite.php(47): require_once('C:\\xampp\\htdocs\\CFI4\\public\\index.php')
CRITICAL - 2023-03-26 22:38:48 --> Call to undefined function form_open()
in APPPATH\Views\bienvenido.php on line 65.
 1 SYSTEMPATH\View\View.php(213): include()
 2 SYSTEMPATH\View\View.php(216): CodeIgniter\View\View->CodeIgniter\View\{closure}()
 3 SYSTEMPATH\Common.php(1184): CodeIgniter\View\View->render('bienvenido.php', [], true)
 4 APPPATH\Controllers\Encuesta.php(18): view('bienvenido.php')
 5 SYSTEMPATH\CodeIgniter.php(934): App\Controllers\Encuesta->index()
 6 SYSTEMPATH\CodeIgniter.php(499): CodeIgniter\CodeIgniter->runController(Object(App\Controllers\Encuesta))
 7 SYSTEMPATH\CodeIgniter.php(368): CodeIgniter\CodeIgniter->handleRequest(null, Object(Config\Cache), false)
 8 FCPATH\index.php(67): CodeIgniter\CodeIgniter->run()
 9 SYSTEMPATH\Commands\Server\rewrite.php(47): require_once('C:\\xampp\\htdocs\\CFI4\\public\\index.php')
CRITICAL - 2023-03-26 23:09:43 --> Call to undefined function form_open()
in APPPATH\Views\bienvenido.php on line 65.
 1 SYSTEMPATH\View\View.php(213): include()
 2 SYSTEMPATH\View\View.php(216): CodeIgniter\View\View->CodeIgniter\View\{closure}()
 3 SYSTEMPATH\Common.php(1184): CodeIgniter\View\View->render('bienvenido.php', [], true)
 4 APPPATH\Controllers\Encuesta.php(18): view('bienvenido.php')
 5 SYSTEMPATH\CodeIgniter.php(934): App\Controllers\Encuesta->index()
 6 SYSTEMPATH\CodeIgniter.php(499): CodeIgniter\CodeIgniter->runController(Object(App\Controllers\Encuesta))
 7 SYSTEMPATH\CodeIgniter.php(368): CodeIgniter\CodeIgniter->handleRequest(null, Object(Config\Cache), false)
 8 FCPATH\index.php(67): CodeIgniter\CodeIgniter->run()
 9 SYSTEMPATH\Commands\Server\rewrite.php(47): require_once('C:\\xampp\\htdocs\\CFI4\\public\\index.php')
CRITICAL - 2023-03-26 23:09:45 --> Call to undefined function form_open()
in APPPATH\Views\bienvenido.php on line 65.
 1 SYSTEMPATH\View\View.php(213): include()
 2 SYSTEMPATH\View\View.php(216): CodeIgniter\View\View->CodeIgniter\View\{closure}()
 3 SYSTEMPATH\Common.php(1184): CodeIgniter\View\View->render('bienvenido.php', [], true)
 4 APPPATH\Controllers\Encuesta.php(18): view('bienvenido.php')
 5 SYSTEMPATH\CodeIgniter.php(934): App\Controllers\Encuesta->index()
 6 SYSTEMPATH\CodeIgniter.php(499): CodeIgniter\CodeIgniter->runController(Object(App\Controllers\Encuesta))
 7 SYSTEMPATH\CodeIgniter.php(368): CodeIgniter\CodeIgniter->handleRequest(null, Object(Config\Cache), false)
 8 FCPATH\index.php(67): CodeIgniter\CodeIgniter->run()
 9 SYSTEMPATH\Commands\Server\rewrite.php(47): require_once('C:\\xampp\\htdocs\\CFI4\\public\\index.php')
CRITICAL - 2023-03-26 23:11:31 --> Call to undefined function form_open()
in APPPATH\Views\bienvenido.php on line 65.
 1 SYSTEMPATH\View\View.php(213): include()
 2 SYSTEMPATH\View\View.php(216): CodeIgniter\View\View->CodeIgniter\View\{closure}()
 3 SYSTEMPATH\Common.php(1184): CodeIgniter\View\View->render('bienvenido.php', [], true)
 4 APPPATH\Controllers\Encuesta.php(18): view('bienvenido.php')
 5 SYSTEMPATH\CodeIgniter.php(934): App\Controllers\Encuesta->index()
 6 SYSTEMPATH\CodeIgniter.php(499): CodeIgniter\CodeIgniter->runController(Object(App\Controllers\Encuesta))
 7 SYSTEMPATH\CodeIgniter.php(368): CodeIgniter\CodeIgniter->handleRequest(null, Object(Config\Cache), false)
 8 FCPATH\index.php(67): CodeIgniter\CodeIgniter->run()
 9 SYSTEMPATH\Commands\Server\rewrite.php(47): require_once('C:\\xampp\\htdocs\\CFI4\\public\\index.php')
CRITICAL - 2023-03-26 23:12:36 --> Call to undefined function form_open()
in APPPATH\Views\bienvenido.php on line 65.
 1 SYSTEMPATH\View\View.php(213): include()
 2 SYSTEMPATH\View\View.php(216): CodeIgniter\View\View->CodeIgniter\View\{closure}()
 3 SYSTEMPATH\Common.php(1184): CodeIgniter\View\View->render('bienvenido.php', [], true)
 4 APPPATH\Controllers\Encuesta.php(18): view('bienvenido.php')
 5 SYSTEMPATH\CodeIgniter.php(934): App\Controllers\Encuesta->index()
 6 SYSTEMPATH\CodeIgniter.php(499): CodeIgniter\CodeIgniter->runController(Object(App\Controllers\Encuesta))
 7 SYSTEMPATH\CodeIgniter.php(368): CodeIgniter\CodeIgniter->handleRequest(null, Object(Config\Cache), false)
 8 FCPATH\index.php(67): CodeIgniter\CodeIgniter->run()
 9 SYSTEMPATH\Commands\Server\rewrite.php(47): require_once('C:\\xampp\\htdocs\\CFI4\\public\\index.php')
CRITICAL - 2023-03-26 23:15:04 --> Call to undefined function form_open()
in APPPATH\Views\bienvenido.php on line 65.
 1 SYSTEMPATH\View\View.php(213): include()
 2 SYSTEMPATH\View\View.php(216): CodeIgniter\View\View->CodeIgniter\View\{closure}()
 3 SYSTEMPATH\Common.php(1184): CodeIgniter\View\View->render('bienvenido.php', [], true)
 4 APPPATH\Controllers\Encuesta.php(18): view('bienvenido.php')
 5 SYSTEMPATH\CodeIgniter.php(934): App\Controllers\Encuesta->index()
 6 SYSTEMPATH\CodeIgniter.php(499): CodeIgniter\CodeIgniter->runController(Object(App\Controllers\Encuesta))
 7 SYSTEMPATH\CodeIgniter.php(368): CodeIgniter\CodeIgniter->handleRequest(null, Object(Config\Cache), false)
 8 FCPATH\index.php(68): CodeIgniter\CodeIgniter->run()
 9 SYSTEMPATH\Commands\Server\rewrite.php(47): require_once('C:\\xampp\\htdocs\\CFI4\\public\\index.php')
CRITICAL - 2023-03-26 23:15:41 --> Call to undefined function form_open()
in APPPATH\Views\bienvenido.php on line 65.
 1 SYSTEMPATH\View\View.php(213): include()
 2 SYSTEMPATH\View\View.php(216): CodeIgniter\View\View->CodeIgniter\View\{closure}()
 3 SYSTEMPATH\Common.php(1184): CodeIgniter\View\View->render('bienvenido.php', [], true)
 4 APPPATH\Controllers\Encuesta.php(18): view('bienvenido.php')
 5 SYSTEMPATH\CodeIgniter.php(934): App\Controllers\Encuesta->index()
 6 SYSTEMPATH\CodeIgniter.php(499): CodeIgniter\CodeIgniter->runController(Object(App\Controllers\Encuesta))
 7 SYSTEMPATH\CodeIgniter.php(368): CodeIgniter\CodeIgniter->handleRequest(null, Object(Config\Cache), false)
 8 FCPATH\index.php(68): CodeIgniter\CodeIgniter->run()
 9 SYSTEMPATH\Commands\Server\rewrite.php(47): require_once('C:\\xampp\\htdocs\\CFI4\\public\\index.php')
CRITICAL - 2023-03-26 23:16:09 --> Call to undefined function form_open()
in APPPATH\Views\bienvenido.php on line 65.
 1 SYSTEMPATH\View\View.php(213): include()
 2 SYSTEMPATH\View\View.php(216): CodeIgniter\View\View->CodeIgniter\View\{closure}()
 3 SYSTEMPATH\Common.php(1184): CodeIgniter\View\View->render('bienvenido.php', [], true)
 4 APPPATH\Controllers\Encuesta.php(21): view('bienvenido.php')
 5 SYSTEMPATH\CodeIgniter.php(934): App\Controllers\Encuesta->index()
 6 SYSTEMPATH\CodeIgniter.php(499): CodeIgniter\CodeIgniter->runController(Object(App\Controllers\Encuesta))
 7 SYSTEMPATH\CodeIgniter.php(368): CodeIgniter\CodeIgniter->handleRequest(null, Object(Config\Cache), false)
 8 FCPATH\index.php(68): CodeIgniter\CodeIgniter->run()
 9 SYSTEMPATH\Commands\Server\rewrite.php(47): require_once('C:\\xampp\\htdocs\\CFI4\\public\\index.php')
CRITICAL - 2023-03-26 23:17:49 --> Call to undefined function form_open()
in APPPATH\Views\bienvenido.php on line 65.
 1 SYSTEMPATH\View\View.php(213): include()
 2 SYSTEMPATH\View\View.php(216): CodeIgniter\View\View->CodeIgniter\View\{closure}()
 3 SYSTEMPATH\Common.php(1184): CodeIgniter\View\View->render('bienvenido.php', [], true)
 4 APPPATH\Controllers\Encuesta.php(19): view('bienvenido.php')
 5 SYSTEMPATH\CodeIgniter.php(934): App\Controllers\Encuesta->index()
 6 SYSTEMPATH\CodeIgniter.php(499): CodeIgniter\CodeIgniter->runController(Object(App\Controllers\Encuesta))
 7 SYSTEMPATH\CodeIgniter.php(368): CodeIgniter\CodeIgniter->handleRequest(null, Object(Config\Cache), false)
 8 FCPATH\index.php(68): CodeIgniter\CodeIgniter->run()
 9 SYSTEMPATH\Commands\Server\rewrite.php(47): require_once('C:\\xampp\\htdocs\\CFI4\\public\\index.php')
CRITICAL - 2023-03-26 23:22:42 --> Call to undefined function form_open()
in APPPATH\Views\bienvenido.php on line 65.
 1 SYSTEMPATH\View\View.php(213): include()
 2 SYSTEMPATH\View\View.php(216): CodeIgniter\View\View->CodeIgniter\View\{closure}()
 3 SYSTEMPATH\Common.php(1184): CodeIgniter\View\View->render('bienvenido.php', [], true)
 4 APPPATH\Controllers\Encuesta.php(19): view('bienvenido.php')
 5 SYSTEMPATH\CodeIgniter.php(934): App\Controllers\Encuesta->index()
 6 SYSTEMPATH\CodeIgniter.php(499): CodeIgniter\CodeIgniter->runController(Object(App\Controllers\Encuesta))
 7 SYSTEMPATH\CodeIgniter.php(368): CodeIgniter\CodeIgniter->handleRequest(null, Object(Config\Cache), false)
 8 FCPATH\index.php(68): CodeIgniter\CodeIgniter->run()
 9 SYSTEMPATH\Commands\Server\rewrite.php(47): require_once('C:\\xampp\\htdocs\\CFI4\\public\\index.php')
CRITICAL - 2023-03-26 23:26:03 --> Call to undefined function form_open()
in APPPATH\Views\bienvenido.php on line 65.
 1 SYSTEMPATH\View\View.php(213): include()
 2 SYSTEMPATH\View\View.php(216): CodeIgniter\View\View->CodeIgniter\View\{closure}()
 3 SYSTEMPATH\Common.php(1184): CodeIgniter\View\View->render('bienvenido.php', [], true)
 4 APPPATH\Controllers\Encuesta.php(19): view('bienvenido.php')
 5 SYSTEMPATH\CodeIgniter.php(934): App\Controllers\Encuesta->index()
 6 SYSTEMPATH\CodeIgniter.php(499): CodeIgniter\CodeIgniter->runController(Object(App\Controllers\Encuesta))
 7 SYSTEMPATH\CodeIgniter.php(368): CodeIgniter\CodeIgniter->handleRequest(null, Object(Config\Cache), false)
 8 FCPATH\index.php(68): CodeIgniter\CodeIgniter->run()
 9 SYSTEMPATH\Commands\Server\rewrite.php(47): require_once('C:\\xampp\\htdocs\\CFI4\\public\\index.php')
CRITICAL - 2023-03-26 23:29:37 --> Call to undefined function form_open()
in APPPATH\Views\bienvenido.php on line 65.
 1 SYSTEMPATH\View\View.php(213): include()
 2 SYSTEMPATH\View\View.php(216): CodeIgniter\View\View->CodeIgniter\View\{closure}()
 3 SYSTEMPATH\Common.php(1184): CodeIgniter\View\View->render('bienvenido.php', [], true)
 4 APPPATH\Controllers\Encuesta.php(19): view('bienvenido.php')
 5 SYSTEMPATH\CodeIgniter.php(934): App\Controllers\Encuesta->index()
 6 SYSTEMPATH\CodeIgniter.php(499): CodeIgniter\CodeIgniter->runController(Object(App\Controllers\Encuesta))
 7 SYSTEMPATH\CodeIgniter.php(368): CodeIgniter\CodeIgniter->handleRequest(null, Object(Config\Cache), false)
 8 FCPATH\index.php(68): CodeIgniter\CodeIgniter->run()
 9 SYSTEMPATH\Commands\Server\rewrite.php(47): require_once('C:\\xampp\\htdocs\\CFI4\\public\\index.php')
CRITICAL - 2023-03-26 23:30:08 --> Call to undefined function form_open()
in APPPATH\Views\bienvenido.php on line 65.
 1 SYSTEMPATH\View\View.php(213): include()
 2 SYSTEMPATH\View\View.php(216): CodeIgniter\View\View->CodeIgniter\View\{closure}()
 3 SYSTEMPATH\Common.php(1184): CodeIgniter\View\View->render('bienvenido.php', [], true)
 4 APPPATH\Controllers\Encuesta.php(19): view('bienvenido.php')
 5 SYSTEMPATH\CodeIgniter.php(934): App\Controllers\Encuesta->index()
 6 SYSTEMPATH\CodeIgniter.php(499): CodeIgniter\CodeIgniter->runController(Object(App\Controllers\Encuesta))
 7 SYSTEMPATH\CodeIgniter.php(368): CodeIgniter\CodeIgniter->handleRequest(null, Object(Config\Cache), false)
 8 FCPATH\index.php(68): CodeIgniter\CodeIgniter->run()
 9 SYSTEMPATH\Commands\Server\rewrite.php(47): require_once('C:\\xampp\\htdocs\\CFI4\\public\\index.php')
CRITICAL - 2023-03-26 23:30:11 --> Call to undefined function form_open()
in APPPATH\Views\bienvenido.php on line 65.
 1 SYSTEMPATH\View\View.php(213): include()
 2 SYSTEMPATH\View\View.php(216): CodeIgniter\View\View->CodeIgniter\View\{closure}()
 3 SYSTEMPATH\Common.php(1184): CodeIgniter\View\View->render('bienvenido.php', [], true)
 4 APPPATH\Controllers\Encuesta.php(19): view('bienvenido.php')
 5 SYSTEMPATH\CodeIgniter.php(934): App\Controllers\Encuesta->index()
 6 SYSTEMPATH\CodeIgniter.php(499): CodeIgniter\CodeIgniter->runController(Object(App\Controllers\Encuesta))
 7 SYSTEMPATH\CodeIgniter.php(368): CodeIgniter\CodeIgniter->handleRequest(null, Object(Config\Cache), false)
 8 FCPATH\index.php(68): CodeIgniter\CodeIgniter->run()
 9 SYSTEMPATH\Commands\Server\rewrite.php(47): require_once('C:\\xampp\\htdocs\\CFI4\\public\\index.php')
CRITICAL - 2023-03-26 23:32:40 --> Call to undefined function form_open()
in APPPATH\Views\bienvenido.php on line 65.
 1 SYSTEMPATH\View\View.php(213): include()
 2 SYSTEMPATH\View\View.php(216): CodeIgniter\View\View->CodeIgniter\View\{closure}()
 3 SYSTEMPATH\Common.php(1184): CodeIgniter\View\View->render('bienvenido.php', [], true)
 4 APPPATH\Controllers\Encuesta.php(19): view('bienvenido.php')
 5 SYSTEMPATH\CodeIgniter.php(934): App\Controllers\Encuesta->index()
 6 SYSTEMPATH\CodeIgniter.php(499): CodeIgniter\CodeIgniter->runController(Object(App\Controllers\Encuesta))
 7 SYSTEMPATH\CodeIgniter.php(368): CodeIgniter\CodeIgniter->handleRequest(null, Object(Config\Cache), false)
 8 FCPATH\index.php(68): CodeIgniter\CodeIgniter->run()
 9 SYSTEMPATH\Commands\Server\rewrite.php(47): require_once('C:\\xampp\\htdocs\\CFI4\\public\\index.php')
CRITICAL - 2023-03-26 23:33:13 --> Call to undefined function form_open()
in APPPATH\Views\bienvenido.php on line 65.
 1 SYSTEMPATH\View\View.php(213): include()
 2 SYSTEMPATH\View\View.php(216): CodeIgniter\View\View->CodeIgniter\View\{closure}()
 3 SYSTEMPATH\Common.php(1184): CodeIgniter\View\View->render('bienvenido.php', [], true)
 4 APPPATH\Controllers\Encuesta.php(19): view('bienvenido.php')
 5 SYSTEMPATH\CodeIgniter.php(934): App\Controllers\Encuesta->index()
 6 SYSTEMPATH\CodeIgniter.php(499): CodeIgniter\CodeIgniter->runController(Object(App\Controllers\Encuesta))
 7 SYSTEMPATH\CodeIgniter.php(368): CodeIgniter\CodeIgniter->handleRequest(null, Object(Config\Cache), false)
 8 FCPATH\index.php(68): CodeIgniter\CodeIgniter->run()
 9 SYSTEMPATH\Commands\Server\rewrite.php(47): require_once('C:\\xampp\\htdocs\\CFI4\\public\\index.php')
CRITICAL - 2023-03-26 23:38:21 --> Call to undefined function form_open()
in APPPATH\Views\bienvenido.php on line 64.
 1 SYSTEMPATH\View\View.php(213): include()
 2 SYSTEMPATH\View\View.php(216): CodeIgniter\View\View->CodeIgniter\View\{closure}()
 3 SYSTEMPATH\Common.php(1184): CodeIgniter\View\View->render('bienvenido.php', [], true)
 4 APPPATH\Controllers\Encuesta.php(19): view('bienvenido.php')
 5 SYSTEMPATH\CodeIgniter.php(934): App\Controllers\Encuesta->index()
 6 SYSTEMPATH\CodeIgniter.php(499): CodeIgniter\CodeIgniter->runController(Object(App\Controllers\Encuesta))
 7 SYSTEMPATH\CodeIgniter.php(368): CodeIgniter\CodeIgniter->handleRequest(null, Object(Config\Cache), false)
 8 FCPATH\index.php(68): CodeIgniter\CodeIgniter->run()
 9 SYSTEMPATH\Commands\Server\rewrite.php(47): require_once('C:\\xampp\\htdocs\\CFI4\\public\\index.php')
CRITICAL - 2023-03-26 23:39:45 --> Call to undefined function form_input()
in APPPATH\Views\bienvenido.php on line 70.
 1 SYSTEMPATH\View\View.php(213): include()
 2 SYSTEMPATH\View\View.php(216): CodeIgniter\View\View->CodeIgniter\View\{closure}()
 3 SYSTEMPATH\Common.php(1184): CodeIgniter\View\View->render('bienvenido.php', [], true)
 4 APPPATH\Controllers\Encuesta.php(19): view('bienvenido.php')
 5 SYSTEMPATH\CodeIgniter.php(934): App\Controllers\Encuesta->index()
 6 SYSTEMPATH\CodeIgniter.php(499): CodeIgniter\CodeIgniter->runController(Object(App\Controllers\Encuesta))
 7 SYSTEMPATH\CodeIgniter.php(368): CodeIgniter\CodeIgniter->handleRequest(null, Object(Config\Cache), false)
 8 FCPATH\index.php(68): CodeIgniter\CodeIgniter->run()
 9 SYSTEMPATH\Commands\Server\rewrite.php(47): require_once('C:\\xampp\\htdocs\\CFI4\\public\\index.php')
