CRITICAL - 2023-03-29 15:54:01 --> Undefined array key "nombre asignatura"
in APPPATH\Libraries\Tabla_asignaturas.php on line 19.
 1 APPPATH\Libraries\Tabla_asignaturas.php(19): CodeIgniter\Debug\Exceptions->errorHandler(2, 'Undefined array key "nombre asignatura"', 'D:\\Salud\\app\\Libraries\\Tabla_asignaturas.php', 19)
 2 APPPATH\Controllers\Encuesta.php(28): App\Libraries\Tabla_asignaturas->construirTablaAsignaturas()
 3 SYSTEMPATH\CodeIgniter.php(934): App\Controllers\Encuesta->responder()
 4 SYSTEMPATH\CodeIgniter.php(499): CodeIgniter\CodeIgniter->runController(Object(App\Controllers\Encuesta))
 5 SYSTEMPATH\CodeIgniter.php(368): CodeIgniter\CodeIgniter->handleRequest(null, Object(Config\Cache), false)
 6 FCPATH\index.php(68): CodeIgniter\CodeIgniter->run()
 7 SYSTEMPATH\Commands\Server\rewrite.php(47): require_once('D:\\Salud\\public\\index.php')
CRITICAL - 2023-03-29 15:55:23 --> Undefined array key "nombre_rotación"
in APPPATH\Libraries\Tabla_asignaturas.php on line 19.
 1 APPPATH\Libraries\Tabla_asignaturas.php(19): CodeIgniter\Debug\Exceptions->errorHandler(2, 'Undefined array key "nombre_rotación"', 'D:\\Salud\\app\\Libraries\\Tabla_asignaturas.php', 19)
 2 APPPATH\Controllers\Encuesta.php(28): App\Libraries\Tabla_asignaturas->construirTablaAsignaturas()
 3 SYSTEMPATH\CodeIgniter.php(934): App\Controllers\Encuesta->responder()
 4 SYSTEMPATH\CodeIgniter.php(499): CodeIgniter\CodeIgniter->runController(Object(App\Controllers\Encuesta))
 5 SYSTEMPATH\CodeIgniter.php(368): CodeIgniter\CodeIgniter->handleRequest(null, Object(Config\Cache), false)
 6 FCPATH\index.php(68): CodeIgniter\CodeIgniter->run()
 7 SYSTEMPATH\Commands\Server\rewrite.php(47): require_once('D:\\Salud\\public\\index.php')
CRITICAL - 2023-03-29 15:55:39 --> Undefined array key "nombre_rotacion"
in APPPATH\Libraries\Tabla_asignaturas.php on line 19.
 1 APPPATH\Libraries\Tabla_asignaturas.php(19): CodeIgniter\Debug\Exceptions->errorHandler(2, 'Undefined array key "nombre_rotacion"', 'D:\\Salud\\app\\Libraries\\Tabla_asignaturas.php', 19)
 2 APPPATH\Controllers\Encuesta.php(28): App\Libraries\Tabla_asignaturas->construirTablaAsignaturas()
 3 SYSTEMPATH\CodeIgniter.php(934): App\Controllers\Encuesta->responder()
 4 SYSTEMPATH\CodeIgniter.php(499): CodeIgniter\CodeIgniter->runController(Object(App\Controllers\Encuesta))
 5 SYSTEMPATH\CodeIgniter.php(368): CodeIgniter\CodeIgniter->handleRequest(null, Object(Config\Cache), false)
 6 FCPATH\index.php(68): CodeIgniter\CodeIgniter->run()
 7 SYSTEMPATH\Commands\Server\rewrite.php(47): require_once('D:\\Salud\\public\\index.php')
CRITICAL - 2023-03-29 16:02:06 --> Undefined array key "coleg"
in APPPATH\Libraries\Tabla_asignaturas.php on line 20.
 1 APPPATH\Libraries\Tabla_asignaturas.php(20): CodeIgniter\Debug\Exceptions->errorHandler(2, 'Undefined array key "coleg"', 'D:\\Salud\\app\\Libraries\\Tabla_asignaturas.php', 20)
 2 APPPATH\Controllers\Encuesta.php(28): App\Libraries\Tabla_asignaturas->construirTablaAsignaturas()
 3 SYSTEMPATH\CodeIgniter.php(934): App\Controllers\Encuesta->responder()
 4 SYSTEMPATH\CodeIgniter.php(499): CodeIgniter\CodeIgniter->runController(Object(App\Controllers\Encuesta))
 5 SYSTEMPATH\CodeIgniter.php(368): CodeIgniter\CodeIgniter->handleRequest(null, Object(Config\Cache), false)
 6 FCPATH\index.php(68): CodeIgniter\CodeIgniter->run()
 7 SYSTEMPATH\Commands\Server\rewrite.php(47): require_once('D:\\Salud\\public\\index.php')
CRITICAL - 2023-03-29 16:03:10 --> Undefined array key "coleg"
in APPPATH\Libraries\Tabla_asignaturas.php on line 20.
 1 APPPATH\Libraries\Tabla_asignaturas.php(20): CodeIgniter\Debug\Exceptions->errorHandler(2, 'Undefined array key "coleg"', 'D:\\Salud\\app\\Libraries\\Tabla_asignaturas.php', 20)
 2 APPPATH\Controllers\Encuesta.php(28): App\Libraries\Tabla_asignaturas->construirTablaAsignaturas()
 3 SYSTEMPATH\CodeIgniter.php(934): App\Controllers\Encuesta->responder()
 4 SYSTEMPATH\CodeIgniter.php(499): CodeIgniter\CodeIgniter->runController(Object(App\Controllers\Encuesta))
 5 SYSTEMPATH\CodeIgniter.php(368): CodeIgniter\CodeIgniter->handleRequest(null, Object(Config\Cache), false)
 6 FCPATH\index.php(68): CodeIgniter\CodeIgniter->run()
 7 SYSTEMPATH\Commands\Server\rewrite.php(47): require_once('D:\\Salud\\public\\index.php')
CRITICAL - 2023-03-29 16:03:34 --> Undefined array key "coleg"
in APPPATH\Libraries\Tabla_asignaturas.php on line 20.
 1 APPPATH\Libraries\Tabla_asignaturas.php(20): CodeIgniter\Debug\Exceptions->errorHandler(2, 'Undefined array key "coleg"', 'D:\\Salud\\app\\Libraries\\Tabla_asignaturas.php', 20)
 2 APPPATH\Controllers\Encuesta.php(28): App\Libraries\Tabla_asignaturas->construirTablaAsignaturas()
 3 SYSTEMPATH\CodeIgniter.php(934): App\Controllers\Encuesta->responder()
 4 SYSTEMPATH\CodeIgniter.php(499): CodeIgniter\CodeIgniter->runController(Object(App\Controllers\Encuesta))
 5 SYSTEMPATH\CodeIgniter.php(368): CodeIgniter\CodeIgniter->handleRequest(null, Object(Config\Cache), false)
 6 FCPATH\index.php(68): CodeIgniter\CodeIgniter->run()
 7 SYSTEMPATH\Commands\Server\rewrite.php(47): require_once('D:\\Salud\\public\\index.php')
CRITICAL - 2023-03-29 16:06:00 --> Unsupported operand types: string + string
in APPPATH\Controllers\Encuesta.php on line 31.
 1 SYSTEMPATH\CodeIgniter.php(934): App\Controllers\Encuesta->responder()
 2 SYSTEMPATH\CodeIgniter.php(499): CodeIgniter\CodeIgniter->runController(Object(App\Controllers\Encuesta))
 3 SYSTEMPATH\CodeIgniter.php(368): CodeIgniter\CodeIgniter->handleRequest(null, Object(Config\Cache), false)
 4 FCPATH\index.php(68): CodeIgniter\CodeIgniter->run()
 5 SYSTEMPATH\Commands\Server\rewrite.php(47): require_once('D:\\Salud\\public\\index.php')
CRITICAL - 2023-03-29 16:06:43 --> Unsupported operand types: string + string
in APPPATH\Controllers\Encuesta.php on line 31.
 1 SYSTEMPATH\CodeIgniter.php(934): App\Controllers\Encuesta->responder()
 2 SYSTEMPATH\CodeIgniter.php(499): CodeIgniter\CodeIgniter->runController(Object(App\Controllers\Encuesta))
 3 SYSTEMPATH\CodeIgniter.php(368): CodeIgniter\CodeIgniter->handleRequest(null, Object(Config\Cache), false)
 4 FCPATH\index.php(68): CodeIgniter\CodeIgniter->run()
 5 SYSTEMPATH\Commands\Server\rewrite.php(47): require_once('D:\\Salud\\public\\index.php')
CRITICAL - 2023-03-29 17:57:01 --> Undefined array key "nombre_rotacion"
in APPPATH\Libraries\Tabla_asignaturas.php on line 19.
 1 APPPATH\Libraries\Tabla_asignaturas.php(19): CodeIgniter\Debug\Exceptions->errorHandler(2, 'Undefined array key "nombre_rotacion"', 'D:\\Salud\\app\\Libraries\\Tabla_asignaturas.php', 19)
 2 APPPATH\Controllers\Encuesta.php(28): App\Libraries\Tabla_asignaturas->construirTablaAsignaturas()
 3 SYSTEMPATH\CodeIgniter.php(934): App\Controllers\Encuesta->responder()
 4 SYSTEMPATH\CodeIgniter.php(499): CodeIgniter\CodeIgniter->runController(Object(App\Controllers\Encuesta))
 5 SYSTEMPATH\CodeIgniter.php(368): CodeIgniter\CodeIgniter->handleRequest(null, Object(Config\Cache), false)
 6 FCPATH\index.php(68): CodeIgniter\CodeIgniter->run()
 7 SYSTEMPATH\Commands\Server\rewrite.php(47): require_once('D:\\Salud\\public\\index.php')
CRITICAL - 2023-03-29 17:58:13 --> Array to string conversion
in APPPATH\Views\lista_asignaturas.php on line 66.
 1 APPPATH\Views\lista_asignaturas.php(66): CodeIgniter\Debug\Exceptions->errorHandler(2, 'Array to string conversion', 'D:\\Salud\\app\\Views\\lista_asignaturas.php', 66)
 2 SYSTEMPATH\View\View.php(213): include('D:\\Salud\\app\\Views\\lista_asignaturas.php')
 3 SYSTEMPATH\View\View.php(216): CodeIgniter\View\View->CodeIgniter\View\{closure}()
 4 SYSTEMPATH\Common.php(1184): CodeIgniter\View\View->render('lista_asignaturas.php', [], true)
 5 APPPATH\Controllers\Encuesta.php(37): view('lista_asignaturas.php', [...])
 6 SYSTEMPATH\CodeIgniter.php(934): App\Controllers\Encuesta->responder()
 7 SYSTEMPATH\CodeIgniter.php(499): CodeIgniter\CodeIgniter->runController(Object(App\Controllers\Encuesta))
 8 SYSTEMPATH\CodeIgniter.php(368): CodeIgniter\CodeIgniter->handleRequest(null, Object(Config\Cache), false)
 9 FCPATH\index.php(68): CodeIgniter\CodeIgniter->run()
10 SYSTEMPATH\Commands\Server\rewrite.php(47): require_once('D:\\Salud\\public\\index.php')
CRITICAL - 2023-03-29 17:59:50 --> Array to string conversion
in APPPATH\Views\lista_asignaturas.php on line 66.
 1 [internal function]: CodeIgniter\Debug\Exceptions->errorHandler(2, 'Array to string conversion', 'D:\\Salud\\app\\Views\\lista_asignaturas.php', 66)
 2 APPPATH\Views\lista_asignaturas.php(66): implode([...])
 3 SYSTEMPATH\View\View.php(213): include('D:\\Salud\\app\\Views\\lista_asignaturas.php')
 4 SYSTEMPATH\View\View.php(216): CodeIgniter\View\View->CodeIgniter\View\{closure}()
 5 SYSTEMPATH\Common.php(1184): CodeIgniter\View\View->render('lista_asignaturas.php', [], true)
 6 APPPATH\Controllers\Encuesta.php(37): view('lista_asignaturas.php', [...])
 7 SYSTEMPATH\CodeIgniter.php(934): App\Controllers\Encuesta->responder()
 8 SYSTEMPATH\CodeIgniter.php(499): CodeIgniter\CodeIgniter->runController(Object(App\Controllers\Encuesta))
 9 SYSTEMPATH\CodeIgniter.php(368): CodeIgniter\CodeIgniter->handleRequest(null, Object(Config\Cache), false)
10 FCPATH\index.php(68): CodeIgniter\CodeIgniter->run()
11 SYSTEMPATH\Commands\Server\rewrite.php(47): require_once('D:\\Salud\\public\\index.php')
CRITICAL - 2023-03-29 18:00:03 --> Array to string conversion
in APPPATH\Views\lista_asignaturas.php on line 66.
 1 [internal function]: CodeIgniter\Debug\Exceptions->errorHandler(2, 'Array to string conversion', 'D:\\Salud\\app\\Views\\lista_asignaturas.php', 66)
 2 APPPATH\Views\lista_asignaturas.php(66): implode([...])
 3 SYSTEMPATH\View\View.php(213): include('D:\\Salud\\app\\Views\\lista_asignaturas.php')
 4 SYSTEMPATH\View\View.php(216): CodeIgniter\View\View->CodeIgniter\View\{closure}()
 5 SYSTEMPATH\Common.php(1184): CodeIgniter\View\View->render('lista_asignaturas.php', [], true)
 6 APPPATH\Controllers\Encuesta.php(37): view('lista_asignaturas.php', [...])
 7 SYSTEMPATH\CodeIgniter.php(934): App\Controllers\Encuesta->responder()
 8 SYSTEMPATH\CodeIgniter.php(499): CodeIgniter\CodeIgniter->runController(Object(App\Controllers\Encuesta))
 9 SYSTEMPATH\CodeIgniter.php(368): CodeIgniter\CodeIgniter->handleRequest(null, Object(Config\Cache), false)
10 FCPATH\index.php(68): CodeIgniter\CodeIgniter->run()
11 SYSTEMPATH\Commands\Server\rewrite.php(47): require_once('D:\\Salud\\public\\index.php')
CRITICAL - 2023-03-29 18:01:13 --> syntax error, unexpected token ":"
in APPPATH\Views\lista_asignaturas.php on line 66.
 1 SYSTEMPATH\View\View.php(216): CodeIgniter\View\View->CodeIgniter\View\{closure}()
 2 SYSTEMPATH\Common.php(1184): CodeIgniter\View\View->render('lista_asignaturas.php', [], true)
 3 APPPATH\Controllers\Encuesta.php(37): view('lista_asignaturas.php', [...])
 4 SYSTEMPATH\CodeIgniter.php(934): App\Controllers\Encuesta->responder()
 5 SYSTEMPATH\CodeIgniter.php(499): CodeIgniter\CodeIgniter->runController(Object(App\Controllers\Encuesta))
 6 SYSTEMPATH\CodeIgniter.php(368): CodeIgniter\CodeIgniter->handleRequest(null, Object(Config\Cache), false)
 7 FCPATH\index.php(68): CodeIgniter\CodeIgniter->run()
 8 SYSTEMPATH\Commands\Server\rewrite.php(47): require_once('D:\\Salud\\public\\index.php')
CRITICAL - 2023-03-29 18:01:43 --> Array to string conversion
in APPPATH\Views\lista_asignaturas.php on line 66.
 1 [internal function]: CodeIgniter\Debug\Exceptions->errorHandler(2, 'Array to string conversion', 'D:\\Salud\\app\\Views\\lista_asignaturas.php', 66)
 2 APPPATH\Views\lista_asignaturas.php(66): implode([...])
 3 SYSTEMPATH\View\View.php(213): include('D:\\Salud\\app\\Views\\lista_asignaturas.php')
 4 SYSTEMPATH\View\View.php(216): CodeIgniter\View\View->CodeIgniter\View\{closure}()
 5 SYSTEMPATH\Common.php(1184): CodeIgniter\View\View->render('lista_asignaturas.php', [], true)
 6 APPPATH\Controllers\Encuesta.php(37): view('lista_asignaturas.php', [...])
 7 SYSTEMPATH\CodeIgniter.php(934): App\Controllers\Encuesta->responder()
 8 SYSTEMPATH\CodeIgniter.php(499): CodeIgniter\CodeIgniter->runController(Object(App\Controllers\Encuesta))
 9 SYSTEMPATH\CodeIgniter.php(368): CodeIgniter\CodeIgniter->handleRequest(null, Object(Config\Cache), false)
10 FCPATH\index.php(68): CodeIgniter\CodeIgniter->run()
11 SYSTEMPATH\Commands\Server\rewrite.php(47): require_once('D:\\Salud\\public\\index.php')
CRITICAL - 2023-03-29 18:03:20 --> Array to string conversion
in APPPATH\Views\lista_asignaturas.php on line 67.
 1 APPPATH\Views\lista_asignaturas.php(67): CodeIgniter\Debug\Exceptions->errorHandler(2, 'Array to string conversion', 'D:\\Salud\\app\\Views\\lista_asignaturas.php', 67)
 2 SYSTEMPATH\View\View.php(213): include('D:\\Salud\\app\\Views\\lista_asignaturas.php')
 3 SYSTEMPATH\View\View.php(216): CodeIgniter\View\View->CodeIgniter\View\{closure}()
 4 SYSTEMPATH\Common.php(1184): CodeIgniter\View\View->render('lista_asignaturas.php', [], true)
 5 APPPATH\Controllers\Encuesta.php(37): view('lista_asignaturas.php', [...])
 6 SYSTEMPATH\CodeIgniter.php(934): App\Controllers\Encuesta->responder()
 7 SYSTEMPATH\CodeIgniter.php(499): CodeIgniter\CodeIgniter->runController(Object(App\Controllers\Encuesta))
 8 SYSTEMPATH\CodeIgniter.php(368): CodeIgniter\CodeIgniter->handleRequest(null, Object(Config\Cache), false)
 9 FCPATH\index.php(68): CodeIgniter\CodeIgniter->run()
10 SYSTEMPATH\Commands\Server\rewrite.php(47): require_once('D:\\Salud\\public\\index.php')
CRITICAL - 2023-03-29 18:03:54 --> Array to string conversion
in APPPATH\Views\lista_asignaturas.php on line 68.
 1 APPPATH\Views\lista_asignaturas.php(68): CodeIgniter\Debug\Exceptions->errorHandler(2, 'Array to string conversion', 'D:\\Salud\\app\\Views\\lista_asignaturas.php', 68)
 2 SYSTEMPATH\View\View.php(213): include('D:\\Salud\\app\\Views\\lista_asignaturas.php')
 3 SYSTEMPATH\View\View.php(216): CodeIgniter\View\View->CodeIgniter\View\{closure}()
 4 SYSTEMPATH\Common.php(1184): CodeIgniter\View\View->render('lista_asignaturas.php', [], true)
 5 APPPATH\Controllers\Encuesta.php(37): view('lista_asignaturas.php', [...])
 6 SYSTEMPATH\CodeIgniter.php(934): App\Controllers\Encuesta->responder()
 7 SYSTEMPATH\CodeIgniter.php(499): CodeIgniter\CodeIgniter->runController(Object(App\Controllers\Encuesta))
 8 SYSTEMPATH\CodeIgniter.php(368): CodeIgniter\CodeIgniter->handleRequest(null, Object(Config\Cache), false)
 9 FCPATH\index.php(68): CodeIgniter\CodeIgniter->run()
10 SYSTEMPATH\Commands\Server\rewrite.php(47): require_once('D:\\Salud\\public\\index.php')
CRITICAL - 2023-03-29 18:04:38 --> foreach() argument must be of type array|object, string given
in APPPATH\Views\lista_asignaturas.php on line 68.
 1 APPPATH\Views\lista_asignaturas.php(68): CodeIgniter\Debug\Exceptions->errorHandler(2, 'foreach() argument must be of type array|object, string given', 'D:\\Salud\\app\\Views\\lista_asignaturas.php', 68)
 2 SYSTEMPATH\View\View.php(213): include('D:\\Salud\\app\\Views\\lista_asignaturas.php')
 3 SYSTEMPATH\View\View.php(216): CodeIgniter\View\View->CodeIgniter\View\{closure}()
 4 SYSTEMPATH\Common.php(1184): CodeIgniter\View\View->render('lista_asignaturas.php', [], true)
 5 APPPATH\Controllers\Encuesta.php(37): view('lista_asignaturas.php', [...])
 6 SYSTEMPATH\CodeIgniter.php(934): App\Controllers\Encuesta->responder()
 7 SYSTEMPATH\CodeIgniter.php(499): CodeIgniter\CodeIgniter->runController(Object(App\Controllers\Encuesta))
 8 SYSTEMPATH\CodeIgniter.php(368): CodeIgniter\CodeIgniter->handleRequest(null, Object(Config\Cache), false)
 9 FCPATH\index.php(68): CodeIgniter\CodeIgniter->run()
10 SYSTEMPATH\Commands\Server\rewrite.php(47): require_once('D:\\Salud\\public\\index.php')
CRITICAL - 2023-03-29 18:06:17 --> Undefined array key "codigo_asignatura"
in APPPATH\Libraries\Tabla_asignaturas.php on line 19.
 1 APPPATH\Libraries\Tabla_asignaturas.php(19): CodeIgniter\Debug\Exceptions->errorHandler(2, 'Undefined array key "codigo_asignatura"', 'D:\\Salud\\app\\Libraries\\Tabla_asignaturas.php', 19)
 2 APPPATH\Controllers\Encuesta.php(28): App\Libraries\Tabla_asignaturas->construirTablaAsignaturas()
 3 SYSTEMPATH\CodeIgniter.php(934): App\Controllers\Encuesta->responder()
 4 SYSTEMPATH\CodeIgniter.php(499): CodeIgniter\CodeIgniter->runController(Object(App\Controllers\Encuesta))
 5 SYSTEMPATH\CodeIgniter.php(368): CodeIgniter\CodeIgniter->handleRequest(null, Object(Config\Cache), false)
 6 FCPATH\index.php(68): CodeIgniter\CodeIgniter->run()
 7 SYSTEMPATH\Commands\Server\rewrite.php(47): require_once('D:\\Salud\\public\\index.php')
CRITICAL - 2023-03-29 18:12:27 --> Undefined array key "rut"
in APPPATH\Controllers\Encuesta.php on line 27.
 1 APPPATH\Controllers\Encuesta.php(27): CodeIgniter\Debug\Exceptions->errorHandler(2, 'Undefined array key "rut"', 'D:\\Salud\\app\\Controllers\\Encuesta.php', 27)
 2 SYSTEMPATH\CodeIgniter.php(934): App\Controllers\Encuesta->responder()
 3 SYSTEMPATH\CodeIgniter.php(499): CodeIgniter\CodeIgniter->runController(Object(App\Controllers\Encuesta))
 4 SYSTEMPATH\CodeIgniter.php(368): CodeIgniter\CodeIgniter->handleRequest(null, Object(Config\Cache), false)
 5 FCPATH\index.php(68): CodeIgniter\CodeIgniter->run()
 6 SYSTEMPATH\Commands\Server\rewrite.php(47): require_once('D:\\Salud\\public\\index.php')
CRITICAL - 2023-03-29 18:15:49 --> Undefined array key "codigo_asignatura"
in APPPATH\Libraries\Tabla_asignaturas.php on line 19.
 1 APPPATH\Libraries\Tabla_asignaturas.php(19): CodeIgniter\Debug\Exceptions->errorHandler(2, 'Undefined array key "codigo_asignatura"', 'D:\\Salud\\app\\Libraries\\Tabla_asignaturas.php', 19)
 2 APPPATH\Controllers\Encuesta.php(28): App\Libraries\Tabla_asignaturas->construirTablaAsignaturas()
 3 SYSTEMPATH\CodeIgniter.php(934): App\Controllers\Encuesta->responder()
 4 SYSTEMPATH\CodeIgniter.php(499): CodeIgniter\CodeIgniter->runController(Object(App\Controllers\Encuesta))
 5 SYSTEMPATH\CodeIgniter.php(368): CodeIgniter\CodeIgniter->handleRequest(null, Object(Config\Cache), false)
 6 FCPATH\index.php(68): CodeIgniter\CodeIgniter->run()
 7 SYSTEMPATH\Commands\Server\rewrite.php(47): require_once('D:\\Salud\\public\\index.php')
CRITICAL - 2023-03-29 18:16:47 --> Undefined array key "rut"
in APPPATH\Controllers\Encuesta.php on line 30.
 1 APPPATH\Controllers\Encuesta.php(30): CodeIgniter\Debug\Exceptions->errorHandler(2, 'Undefined array key "rut"', 'D:\\Salud\\app\\Controllers\\Encuesta.php', 30)
 2 SYSTEMPATH\CodeIgniter.php(934): App\Controllers\Encuesta->responder()
 3 SYSTEMPATH\CodeIgniter.php(499): CodeIgniter\CodeIgniter->runController(Object(App\Controllers\Encuesta))
 4 SYSTEMPATH\CodeIgniter.php(368): CodeIgniter\CodeIgniter->handleRequest(null, Object(Config\Cache), false)
 5 FCPATH\index.php(68): CodeIgniter\CodeIgniter->run()
 6 SYSTEMPATH\Commands\Server\rewrite.php(47): require_once('D:\\Salud\\public\\index.php')
CRITICAL - 2023-03-29 18:17:17 --> Undefined array key "rut"
in APPPATH\Controllers\Encuesta.php on line 27.
 1 APPPATH\Controllers\Encuesta.php(27): CodeIgniter\Debug\Exceptions->errorHandler(2, 'Undefined array key "rut"', 'D:\\Salud\\app\\Controllers\\Encuesta.php', 27)
 2 SYSTEMPATH\CodeIgniter.php(934): App\Controllers\Encuesta->responder()
 3 SYSTEMPATH\CodeIgniter.php(499): CodeIgniter\CodeIgniter->runController(Object(App\Controllers\Encuesta))
 4 SYSTEMPATH\CodeIgniter.php(368): CodeIgniter\CodeIgniter->handleRequest(null, Object(Config\Cache), false)
 5 FCPATH\index.php(68): CodeIgniter\CodeIgniter->run()
 6 SYSTEMPATH\Commands\Server\rewrite.php(47): require_once('D:\\Salud\\public\\index.php')
CRITICAL - 2023-03-29 18:18:28 --> Undefined array key "rut"
in APPPATH\Controllers\Encuesta.php on line 27.
 1 APPPATH\Controllers\Encuesta.php(27): CodeIgniter\Debug\Exceptions->errorHandler(2, 'Undefined array key "rut"', 'D:\\Salud\\app\\Controllers\\Encuesta.php', 27)
 2 SYSTEMPATH\CodeIgniter.php(934): App\Controllers\Encuesta->responder()
 3 SYSTEMPATH\CodeIgniter.php(499): CodeIgniter\CodeIgniter->runController(Object(App\Controllers\Encuesta))
 4 SYSTEMPATH\CodeIgniter.php(368): CodeIgniter\CodeIgniter->handleRequest(null, Object(Config\Cache), false)
 5 FCPATH\index.php(68): CodeIgniter\CodeIgniter->run()
 6 SYSTEMPATH\Commands\Server\rewrite.php(47): require_once('D:\\Salud\\public\\index.php')
CRITICAL - 2023-03-29 18:18:57 --> Array to string conversion
in APPPATH\Views\test.php on line 4.
 1 APPPATH\Views\test.php(4): CodeIgniter\Debug\Exceptions->errorHandler(2, 'Array to string conversion', 'D:\\Salud\\app\\Views\\test.php', 4)
 2 SYSTEMPATH\View\View.php(213): include('D:\\Salud\\app\\Views\\test.php')
 3 SYSTEMPATH\View\View.php(216): CodeIgniter\View\View->CodeIgniter\View\{closure}()
 4 SYSTEMPATH\Common.php(1184): CodeIgniter\View\View->render('test.php', [], true)
 5 APPPATH\Controllers\Encuesta.php(37): view('test.php', [...])
 6 SYSTEMPATH\CodeIgniter.php(934): App\Controllers\Encuesta->responder()
 7 SYSTEMPATH\CodeIgniter.php(499): CodeIgniter\CodeIgniter->runController(Object(App\Controllers\Encuesta))
 8 SYSTEMPATH\CodeIgniter.php(368): CodeIgniter\CodeIgniter->handleRequest(null, Object(Config\Cache), false)
 9 FCPATH\index.php(68): CodeIgniter\CodeIgniter->run()
10 SYSTEMPATH\Commands\Server\rewrite.php(47): require_once('D:\\Salud\\public\\index.php')
CRITICAL - 2023-03-29 18:19:41 --> Array to string conversion
in APPPATH\Views\test.php on line 5.
 1 APPPATH\Views\test.php(5): CodeIgniter\Debug\Exceptions->errorHandler(2, 'Array to string conversion', 'D:\\Salud\\app\\Views\\test.php', 5)
 2 SYSTEMPATH\View\View.php(213): include('D:\\Salud\\app\\Views\\test.php')
 3 SYSTEMPATH\View\View.php(216): CodeIgniter\View\View->CodeIgniter\View\{closure}()
 4 SYSTEMPATH\Common.php(1184): CodeIgniter\View\View->render('test.php', [], true)
 5 APPPATH\Controllers\Encuesta.php(37): view('test.php', [...])
 6 SYSTEMPATH\CodeIgniter.php(934): App\Controllers\Encuesta->responder()
 7 SYSTEMPATH\CodeIgniter.php(499): CodeIgniter\CodeIgniter->runController(Object(App\Controllers\Encuesta))
 8 SYSTEMPATH\CodeIgniter.php(368): CodeIgniter\CodeIgniter->handleRequest(null, Object(Config\Cache), false)
 9 FCPATH\index.php(68): CodeIgniter\CodeIgniter->run()
10 SYSTEMPATH\Commands\Server\rewrite.php(47): require_once('D:\\Salud\\public\\index.php')
CRITICAL - 2023-03-29 18:23:25 --> foreach() argument must be of type array|object, string given
in APPPATH\Views\test.php on line 4.
 1 APPPATH\Views\test.php(4): CodeIgniter\Debug\Exceptions->errorHandler(2, 'foreach() argument must be of type array|object, string given', 'D:\\Salud\\app\\Views\\test.php', 4)
 2 SYSTEMPATH\View\View.php(213): include('D:\\Salud\\app\\Views\\test.php')
 3 SYSTEMPATH\View\View.php(216): CodeIgniter\View\View->CodeIgniter\View\{closure}()
 4 SYSTEMPATH\Common.php(1184): CodeIgniter\View\View->render('test.php', [], true)
 5 APPPATH\Controllers\Encuesta.php(37): view('test.php', [...])
 6 SYSTEMPATH\CodeIgniter.php(934): App\Controllers\Encuesta->responder()
 7 SYSTEMPATH\CodeIgniter.php(499): CodeIgniter\CodeIgniter->runController(Object(App\Controllers\Encuesta))
 8 SYSTEMPATH\CodeIgniter.php(368): CodeIgniter\CodeIgniter->handleRequest(null, Object(Config\Cache), false)
 9 FCPATH\index.php(68): CodeIgniter\CodeIgniter->run()
10 SYSTEMPATH\Commands\Server\rewrite.php(47): require_once('D:\\Salud\\public\\index.php')
CRITICAL - 2023-03-29 18:24:07 --> foreach() argument must be of type array|object, string given
in APPPATH\Views\test.php on line 5.
 1 APPPATH\Views\test.php(5): CodeIgniter\Debug\Exceptions->errorHandler(2, 'foreach() argument must be of type array|object, string given', 'D:\\Salud\\app\\Views\\test.php', 5)
 2 SYSTEMPATH\View\View.php(213): include('D:\\Salud\\app\\Views\\test.php')
 3 SYSTEMPATH\View\View.php(216): CodeIgniter\View\View->CodeIgniter\View\{closure}()
 4 SYSTEMPATH\Common.php(1184): CodeIgniter\View\View->render('test.php', [], true)
 5 APPPATH\Controllers\Encuesta.php(37): view('test.php', [...])
 6 SYSTEMPATH\CodeIgniter.php(934): App\Controllers\Encuesta->responder()
 7 SYSTEMPATH\CodeIgniter.php(499): CodeIgniter\CodeIgniter->runController(Object(App\Controllers\Encuesta))
 8 SYSTEMPATH\CodeIgniter.php(368): CodeIgniter\CodeIgniter->handleRequest(null, Object(Config\Cache), false)
 9 FCPATH\index.php(68): CodeIgniter\CodeIgniter->run()
10 SYSTEMPATH\Commands\Server\rewrite.php(47): require_once('D:\\Salud\\public\\index.php')
CRITICAL - 2023-03-29 18:34:10 --> Undefined array key "codigo_asignatura"
in APPPATH\Libraries\Tabla_asignaturas.php on line 19.
 1 APPPATH\Libraries\Tabla_asignaturas.php(19): CodeIgniter\Debug\Exceptions->errorHandler(2, 'Undefined array key "codigo_asignatura"', 'D:\\Salud\\app\\Libraries\\Tabla_asignaturas.php', 19)
 2 APPPATH\Controllers\Encuesta.php(28): App\Libraries\Tabla_asignaturas->construirTablaAsignaturas()
 3 SYSTEMPATH\CodeIgniter.php(934): App\Controllers\Encuesta->responder()
 4 SYSTEMPATH\CodeIgniter.php(499): CodeIgniter\CodeIgniter->runController(Object(App\Controllers\Encuesta))
 5 SYSTEMPATH\CodeIgniter.php(368): CodeIgniter\CodeIgniter->handleRequest(null, Object(Config\Cache), false)
 6 FCPATH\index.php(68): CodeIgniter\CodeIgniter->run()
 7 SYSTEMPATH\Commands\Server\rewrite.php(47): require_once('D:\\Salud\\public\\index.php')
CRITICAL - 2023-03-29 18:40:14 --> Cannot access offset of type string on string
in APPPATH\Views\test.php on line 4.
 1 SYSTEMPATH\View\View.php(213): include()
 2 SYSTEMPATH\View\View.php(216): CodeIgniter\View\View->CodeIgniter\View\{closure}()
 3 SYSTEMPATH\Common.php(1184): CodeIgniter\View\View->render('test.php', [], true)
 4 APPPATH\Controllers\Encuesta.php(37): view('test.php', [...])
 5 SYSTEMPATH\CodeIgniter.php(934): App\Controllers\Encuesta->responder()
 6 SYSTEMPATH\CodeIgniter.php(499): CodeIgniter\CodeIgniter->runController(Object(App\Controllers\Encuesta))
 7 SYSTEMPATH\CodeIgniter.php(368): CodeIgniter\CodeIgniter->handleRequest(null, Object(Config\Cache), false)
 8 FCPATH\index.php(68): CodeIgniter\CodeIgniter->run()
 9 SYSTEMPATH\Commands\Server\rewrite.php(47): require_once('D:\\Salud\\public\\index.php')
CRITICAL - 2023-03-29 18:44:30 --> Undefined array key 2
in APPPATH\Views\test.php on line 3.
 1 APPPATH\Views\test.php(3): CodeIgniter\Debug\Exceptions->errorHandler(2, 'Undefined array key 2', 'D:\\Salud\\app\\Views\\test.php', 3)
 2 SYSTEMPATH\View\View.php(213): include('D:\\Salud\\app\\Views\\test.php')
 3 SYSTEMPATH\View\View.php(216): CodeIgniter\View\View->CodeIgniter\View\{closure}()
 4 SYSTEMPATH\Common.php(1184): CodeIgniter\View\View->render('test.php', [], true)
 5 APPPATH\Controllers\Encuesta.php(37): view('test.php', [...])
 6 SYSTEMPATH\CodeIgniter.php(934): App\Controllers\Encuesta->responder()
 7 SYSTEMPATH\CodeIgniter.php(499): CodeIgniter\CodeIgniter->runController(Object(App\Controllers\Encuesta))
 8 SYSTEMPATH\CodeIgniter.php(368): CodeIgniter\CodeIgniter->handleRequest(null, Object(Config\Cache), false)
 9 FCPATH\index.php(68): CodeIgniter\CodeIgniter->run()
10 SYSTEMPATH\Commands\Server\rewrite.php(47): require_once('D:\\Salud\\public\\index.php')
CRITICAL - 2023-03-29 18:44:41 --> Array to string conversion
in APPPATH\Views\test.php on line 4.
 1 APPPATH\Views\test.php(4): CodeIgniter\Debug\Exceptions->errorHandler(2, 'Array to string conversion', 'D:\\Salud\\app\\Views\\test.php', 4)
 2 SYSTEMPATH\View\View.php(213): include('D:\\Salud\\app\\Views\\test.php')
 3 SYSTEMPATH\View\View.php(216): CodeIgniter\View\View->CodeIgniter\View\{closure}()
 4 SYSTEMPATH\Common.php(1184): CodeIgniter\View\View->render('test.php', [], true)
 5 APPPATH\Controllers\Encuesta.php(37): view('test.php', [...])
 6 SYSTEMPATH\CodeIgniter.php(934): App\Controllers\Encuesta->responder()
 7 SYSTEMPATH\CodeIgniter.php(499): CodeIgniter\CodeIgniter->runController(Object(App\Controllers\Encuesta))
 8 SYSTEMPATH\CodeIgniter.php(368): CodeIgniter\CodeIgniter->handleRequest(null, Object(Config\Cache), false)
 9 FCPATH\index.php(68): CodeIgniter\CodeIgniter->run()
10 SYSTEMPATH\Commands\Server\rewrite.php(47): require_once('D:\\Salud\\public\\index.php')
CRITICAL - 2023-03-29 18:53:03 --> Array to string conversion
in APPPATH\Views\test.php on line 4.
 1 APPPATH\Views\test.php(4): CodeIgniter\Debug\Exceptions->errorHandler(2, 'Array to string conversion', 'D:\\Salud\\app\\Views\\test.php', 4)
 2 SYSTEMPATH\View\View.php(213): include('D:\\Salud\\app\\Views\\test.php')
 3 SYSTEMPATH\View\View.php(216): CodeIgniter\View\View->CodeIgniter\View\{closure}()
 4 SYSTEMPATH\Common.php(1184): CodeIgniter\View\View->render('test.php', [], true)
 5 APPPATH\Controllers\Encuesta.php(37): view('test.php', [...])
 6 SYSTEMPATH\CodeIgniter.php(934): App\Controllers\Encuesta->responder()
 7 SYSTEMPATH\CodeIgniter.php(499): CodeIgniter\CodeIgniter->runController(Object(App\Controllers\Encuesta))
 8 SYSTEMPATH\CodeIgniter.php(368): CodeIgniter\CodeIgniter->handleRequest(null, Object(Config\Cache), false)
 9 FCPATH\index.php(68): CodeIgniter\CodeIgniter->run()
10 SYSTEMPATH\Commands\Server\rewrite.php(47): require_once('D:\\Salud\\public\\index.php')
CRITICAL - 2023-03-29 18:54:07 --> Array to string conversion
in APPPATH\Views\test.php on line 5.
 1 APPPATH\Views\test.php(5): CodeIgniter\Debug\Exceptions->errorHandler(2, 'Array to string conversion', 'D:\\Salud\\app\\Views\\test.php', 5)
 2 SYSTEMPATH\View\View.php(213): include('D:\\Salud\\app\\Views\\test.php')
 3 SYSTEMPATH\View\View.php(216): CodeIgniter\View\View->CodeIgniter\View\{closure}()
 4 SYSTEMPATH\Common.php(1184): CodeIgniter\View\View->render('test.php', [], true)
 5 APPPATH\Controllers\Encuesta.php(37): view('test.php', [...])
 6 SYSTEMPATH\CodeIgniter.php(934): App\Controllers\Encuesta->responder()
 7 SYSTEMPATH\CodeIgniter.php(499): CodeIgniter\CodeIgniter->runController(Object(App\Controllers\Encuesta))
 8 SYSTEMPATH\CodeIgniter.php(368): CodeIgniter\CodeIgniter->handleRequest(null, Object(Config\Cache), false)
 9 FCPATH\index.php(68): CodeIgniter\CodeIgniter->run()
10 SYSTEMPATH\Commands\Server\rewrite.php(47): require_once('D:\\Salud\\public\\index.php')
CRITICAL - 2023-03-29 18:57:54 --> Invalid file: "lista_asitgnaturas.php"
in SYSTEMPATH\Exceptions\FrameworkException.php on line 33.
 1 SYSTEMPATH\View\View.php(201): CodeIgniter\Exceptions\FrameworkException::forInvalidFile('lista_asitgnaturas.php')
 2 SYSTEMPATH\Common.php(1184): CodeIgniter\View\View->render('lista_asitgnaturas.php', [], true)
 3 APPPATH\Controllers\Encuesta.php(37): view('lista_asitgnaturas.php', [...])
 4 SYSTEMPATH\CodeIgniter.php(934): App\Controllers\Encuesta->responder()
 5 SYSTEMPATH\CodeIgniter.php(499): CodeIgniter\CodeIgniter->runController(Object(App\Controllers\Encuesta))
 6 SYSTEMPATH\CodeIgniter.php(368): CodeIgniter\CodeIgniter->handleRequest(null, Object(Config\Cache), false)
 7 FCPATH\index.php(68): CodeIgniter\CodeIgniter->run()
 8 SYSTEMPATH\Commands\Server\rewrite.php(47): require_once('D:\\Salud\\public\\index.php')
